*----------------------------------------------------------------------------------------
*	Innovus 17.11-s080_1 (64bit) 08/04/2017 11:13 (Linux 2.6.18-194.el5)
*	
*
* 	Date & Time:	2020-Nov-10 08:23:22 (2020-Nov-10 07:23:22 GMT)
*
*----------------------------------------------------------------------------------------
*
*	Design: IIR_filter_order2
*
*	Liberty Libraries used: 
*	        MyAnView: /home/isa02/Desktop/Lab1/Advanced_Architecture/innovus/output/design/IIR_filter_order2.enc.dat/libs/mmmc/NangateOpenCellLibrary_typical_ecsm_nowlm.lib
*
*	Power Domain used: 
*		Rail:        VDD 	Voltage:        1.1 
*
*       Power View : MyAnView
*
*       User-Defined Activity : N.A.
*
*	Switching Activity File used: 
*	        ../vcd/IIR_filter_order2_innovus.vcd
*			Vcd Window used(Start Time, Stop Time):(5.92426e-25, 5.92426e-25) 
*                     Vcd Scale Factor: 1 
**                    Design annotation coverage: 0/1174 = 0% 
*
*       Hierarchical Global Activity: N.A.
*
*       Global Activity: N.A.
*
*       Sequential Element Activity: N.A.
*
*       Primary Input Activity: 0.200000
*
*       Default icg ratio: N.A.
*
*       Global Comb ClockGate Ratio: N.A.
*
*	Power Units = 1mW
*
*	Time Units = 1e-09 secs 
*
*       Temperature = 25 
*
*       report_power -outfile .//IIR_filter_order2.rpt -rail_analysis_format VS
*
-----------------------------------------------------------------------------------------
Cell                            Internal   Switching       Total     Leakage   Cell
                                   Power       Power       Power       Power   Name
--------------------------------------------------------------------------------------
Execution_unit_SW0_IIR_datoOutput_reg_6_   0.002467    0.002646    0.005192   7.918e-05  DFF_X1
Execution_unit_SecondMultiplier_IIR_mult_17_U20   0.002558    0.001794    0.004424   7.166e-05  FA_X1
Execution_unit_FirstMultiplier_IIR_mult_17_U15   0.002553    0.001757    0.004385    7.52e-05  FA_X1
Execution_unit_SecondMultiplier_IIR_mult_17_U17   0.002555    0.001726    0.004353   7.115e-05  FA_X1
Execution_unit_FirstSUM_IIR_add_15_U1_4   0.002562    0.001706     0.00434   7.226e-05  FA_X1
Execution_unit_FirstSUM_IIR_add_15_U1_5   0.002562    0.001705     0.00434   7.238e-05  FA_X1
Execution_unit_FirstMultiplier_IIR_mult_17_U17   0.002555    0.001697    0.004329   7.617e-05  FA_X1
Execution_unit_SecondMultiplier_IIR_mult_17_U15   0.002495    0.001739     0.00431   7.613e-05  FA_X1
Execution_unit_FirstMultiplier_IIR_mult_17_U20   0.002553    0.001649    0.004276   7.403e-05  FA_X1
Execution_unit_SecondMultiplier_IIR_mult_17_U30    0.00249    0.001685    0.004246   7.058e-05  FA_X1
Execution_unit_FirstMultiplier_IIR_mult_17_U24   0.002496    0.001653     0.00422   7.118e-05  FA_X1
Execution_unit_SecondMultiplier_IIR_mult_17_U24   0.002496    0.001649    0.004217   7.123e-05  FA_X1
Execution_unit_FirstSUM_IIR_add_15_U1_3   0.002556     0.00155    0.004178     7.2e-05  FA_X1
Execution_unit_FirstMultiplier_IIR_mult_17_U21   0.002498    0.001511    0.004087   7.814e-05  FA_X1
Execution_unit_FirstSUM_IIR_add_15_U1_2   0.002449    0.001496    0.004017    7.15e-05  FA_X1
Execution_unit_SecondSUM_FIR_add_15_U1_4   0.002362    0.001573    0.004005   6.958e-05  FA_X1
Execution_unit_SecondSUM_FIR_add_15_U1_5   0.002389    0.001471     0.00393   6.976e-05  FA_X1
Execution_unit_SecondMultiplier_IIR_mult_17_U21   0.002401     0.00142     0.00389   6.872e-05  FA_X1
Execution_unit_SecondMultiplier_IIR_mult_17_U6   0.002546    0.001251    0.003869   7.224e-05  FA_X1
Execution_unit_FirstMultiplier_IIR_mult_17_U8   0.002559    0.001237    0.003861   6.593e-05  FA_X1
Execution_unit_FirstMultiplier_IIR_mult_17_U30    0.00225    0.001531    0.003846   6.505e-05  FA_X1
Execution_unit_SecondMultiplier_IIR_mult_17_U7   0.002545    0.001204    0.003821   7.136e-05  FA_X1
Execution_unit_SecondMultiplier_IIR_mult_17_U8   0.002554    0.001195    0.003819   6.963e-05  FA_X1
Execution_unit_LoadedOutput_datoOutput_reg_10_   0.002417     0.00132    0.003816   7.918e-05  DFF_X1
Execution_unit_FirstMultiplier_IIR_mult_17_U5   0.002548     0.00119    0.003811   7.332e-05  FA_X1
Execution_unit_LoadedOutput_datoOutput_reg_8_   0.002432    0.001298    0.003809   7.918e-05  DFF_X1
Execution_unit_SecondSUM_IIR_add_15_U1_5   0.002394    0.001335    0.003799   6.975e-05  FA_X1
Execution_unit_FirstMultiplier_IIR_mult_17_U4   0.002547    0.001174    0.003796   7.495e-05  FA_X1
Execution_unit_LoadedOutput_datoOutput_reg_9_   0.002431    0.001281    0.003791   7.918e-05  DFF_X1
Execution_unit_LoadedOutput_datoOutput_reg_7_   0.002431    0.001268    0.003778   7.918e-05  DFF_X1
Execution_unit_FirstMultiplier_IIR_mult_17_U7   0.002542    0.001163    0.003773   6.697e-05  FA_X1
Execution_unit_SecondMultiplier_IIR_mult_17_U4   0.002541    0.001156     0.00377   7.269e-05  FA_X1
Execution_unit_SecondSUM_IIR_add_15_U1_4   0.002366    0.001334     0.00377   6.965e-05  FA_X1
Execution_unit_LoadedOutput_datoOutput_reg_6_   0.002425    0.001263    0.003766   7.918e-05  DFF_X1
Execution_unit_FirstSUM_FIR_add_15_U1_4   0.002513    0.001177    0.003766   7.588e-05  FA_X1
Execution_unit_FirstMultiplier_IIR_mult_17_U18   0.002371    0.001296    0.003742    7.56e-05  FA_X1
Execution_unit_SecondSUM_FIR_add_15_U1_3   0.002217    0.001451    0.003737    6.94e-05  FA_X1
Execution_unit_FirstMultiplier_IIR_mult_17_U6   0.002546    0.001111    0.003728   7.101e-05  FA_X1
Execution_unit_LoadedOutput_datoOutput_reg_5_   0.002389    0.001247    0.003716   7.918e-05  DFF_X1
Execution_unit_SW0_IIR_datoOutput_reg_2_   0.002456    0.001153    0.003688   7.918e-05  DFF_X1
Execution_unit_SW0_IIR_datoOutput_reg_4_   0.002466     0.00113    0.003675   7.918e-05  DFF_X1
Execution_unit_ThirdSUM_FIR_add_15_U1_4   0.002531    0.001065    0.003668   7.188e-05  FA_X1
Execution_unit_SecondMultiplier_IIR_mult_17_U5    0.00254    0.001053    0.003666   7.277e-05  FA_X1
Execution_unit_FirstSUM_FIR_add_15_U1_5   0.002496    0.001092    0.003663   7.592e-05  FA_X1
Execution_unit_ThirdSUM_FIR_add_15_U1_5   0.002528    0.001054    0.003653   7.188e-05  FA_X1
Execution_unit_LoadedOutput_datoOutput_reg_4_   0.002387    0.001186    0.003652   7.918e-05  DFF_X1
Execution_unit_SecondSUM_IIR_add_15_U1_3   0.002218    0.001345    0.003632   6.945e-05  FA_X1
Execution_unit_FirstSUM_IIR_add_15_U1_6   0.002458    0.001095    0.003625   7.244e-05  FA_X1
Execution_unit_SecondMultiplier_IIR_mult_17_U35   0.002359    0.001159    0.003586   6.795e-05  FA_X1
Execution_unit_FirstMultiplier_IIR_mult_17_U3   0.002537   0.0009319    0.003544    7.55e-05  FA_X1
Execution_unit_SecondMultiplier_IIR_mult_17_U3   0.002538   0.0009249     0.00354   7.635e-05  FA_X1
FE_RC_19_0                     0.0001704    0.003321    0.003505   1.356e-05  INV_X1
Execution_unit_FirstSUM_FIR_add_15_U1_3   0.002357    0.001024    0.003456   7.522e-05  FA_X1
Execution_unit_ThirdSUM_FIR_add_15_U1_3   0.002401   0.0009815    0.003453   7.085e-05  FA_X1
Execution_unit_FirstMultiplier_IIR_mult_17_U26   0.002006    0.001324    0.003399   6.963e-05  FA_X1
Execution_unit_SW0_IIR_datoOutput_reg_0_   0.002412   0.0008788     0.00337   7.918e-05  DFF_X1
FE_RC_16_0                     0.0001703    0.003139    0.003323   1.355e-05  INV_X1
Execution_unit_SecondSUM_FIR_add_15_U1_6   0.002363   0.0008654    0.003298   6.977e-05  FA_X1
Execution_unit_SecondMultiplier_IIR_mult_17_U25   0.001978    0.001245     0.00329   6.703e-05  FA_X1
Execution_unit_SecondSUM_FIR_add_15_U1_2   0.001917    0.001303    0.003289   6.908e-05  FA_X1
Execution_unit_FirstMultiplier_IIR_mult_17_U31    0.00199    0.001213     0.00327   6.711e-05  FA_X1
FE_RC_17_0                     0.0001701    0.003082    0.003266   1.355e-05  INV_X1
Execution_unit_FirstMultiplier_IIR_mult_17_U25   0.001986    0.001198    0.003256    7.22e-05  FA_X1
Execution_unit_SecondMultiplier_IIR_mult_17_U31   0.001989    0.001198    0.003254   6.711e-05  FA_X1
Execution_unit_SecondSUM_IIR_add_15_U1_6   0.002396   0.0007854    0.003251   6.983e-05  FA_X1
Execution_unit_SW2_IIR_datoOutput_reg_5_   0.002458   0.0007123    0.003249   7.918e-05  DFF_X1
Execution_unit_SW2_IIR_datoOutput_reg_6_   0.002457   0.0007059    0.003242   7.918e-05  DFF_X1
Execution_unit_Pipe3_FIR_datoOutput_reg_6_   0.002457   0.0006941    0.003231   7.918e-05  DFF_X1
Execution_unit_Pipe0_FIR_datoOutput_reg_5_   0.002457   0.0006835     0.00322   7.918e-05  DFF_X1
Execution_unit_SW1_IIR_datoOutput_reg_2_   0.002449   0.0006909    0.003219   7.918e-05  DFF_X1
Execution_unit_SW0_IIR_datoOutput_reg_5_   0.002457    0.000683    0.003219   7.918e-05  DFF_X1
Execution_unit_SW2_IIR_datoOutput_reg_4_   0.002457   0.0006814    0.003217   7.918e-05  DFF_X1
Execution_unit_Pipe3_FIR_datoOutput_reg_5_   0.002457   0.0006795    0.003216   7.918e-05  DFF_X1
Execution_unit_SecondMultiplier_IIR_mult_17_U26   0.001999    0.001147    0.003215   6.963e-05  FA_X1
Execution_unit_SW1_IIR_datoOutput_reg_1_   0.002449   0.0006848    0.003213   7.918e-05  DFF_X1
Execution_unit_SW0_IIR_datoOutput_reg_1_   0.002407   0.0007238     0.00321   7.918e-05  DFF_X1
Execution_unit_Pipe3_FIR_datoOutput_reg_3_   0.002457   0.0006732    0.003209   7.918e-05  DFF_X1
Execution_unit_Pipe3_FIR_datoOutput_reg_4_   0.002457   0.0006724    0.003208   7.918e-05  DFF_X1
Execution_unit_Pipe0_FIR_datoOutput_reg_4_   0.002456   0.0006718    0.003207   7.918e-05  DFF_X1
Execution_unit_SW0_IIR_datoOutput_reg_3_   0.002457   0.0006715    0.003207   7.918e-05  DFF_X1
Execution_unit_SW2_IIR_datoOutput_reg_3_   0.002456    0.000666    0.003201   7.918e-05  DFF_X1
Execution_unit_Pipe0_FIR_datoOutput_reg_3_   0.002448   0.0006699    0.003197   7.918e-05  DFF_X1
Execution_unit_SW2_IIR_datoOutput_reg_1_   0.002455   0.0006626    0.003197   7.918e-05  DFF_X1
Execution_unit_Pipe0_FIR_datoOutput_reg_6_   0.002456   0.0006566    0.003192   7.918e-05  DFF_X1
Execution_unit_FirstMultiplier_IIR_mult_17_U14   0.001997    0.001113    0.003191   8.055e-05  FA_X1
Execution_unit_SW1_IIR_datoOutput_reg_3_   0.002456   0.0006532    0.003188   7.918e-05  DFF_X1
Execution_unit_SW1_IIR_datoOutput_reg_4_   0.002456     0.00065    0.003185   7.918e-05  DFF_X1
Execution_unit_SW2_IIR_datoOutput_reg_2_   0.002455   0.0006429    0.003177   7.918e-05  DFF_X1
Execution_unit_Pipe3_FIR_datoOutput_reg_2_   0.002443   0.0006547    0.003177   7.918e-05  DFF_X1
Execution_unit_FirstSUM_IIR_add_15_U1_1   0.001981    0.001121    0.003172   7.051e-05  FA_X1
Execution_unit_SecondMultiplier_IIR_mult_17_U14   0.002002    0.001087     0.00317   8.055e-05  FA_X1
Execution_unit_Pipe0_FIR_datoOutput_reg_1_   0.002403    0.000679    0.003161   7.918e-05  DFF_X1
Execution_unit_FirstMultiplier_IIR_mult_17_U22   0.001901    0.001175    0.003157   8.134e-05  FA_X1
Execution_unit_SW1_IIR_datoOutput_reg_0_   0.002448   0.0006219    0.003149   7.918e-05  DFF_X1
Execution_unit_FirstSUM_FIR_add_15_U1_2   0.002063    0.001009    0.003147   7.467e-05  FA_X1
Execution_unit_SW2_IIR_datoOutput_reg_0_   0.002454   0.0006118    0.003145   7.918e-05  DFF_X1
Execution_unit_SW1_IIR_datoOutput_reg_6_   0.002453   0.0006036    0.003136   7.918e-05  DFF_X1
Execution_unit_SW1_IIR_datoOutput_reg_5_   0.002454   0.0006018    0.003135   7.918e-05  DFF_X1
Execution_unit_SecondMultiplier_IIR_mult_17_U36   0.001905    0.001162    0.003132   6.554e-05  FA_X1
Execution_unit_Pipe3_FIR_datoOutput_reg_1_   0.002405   0.0006442    0.003129   7.918e-05  DFF_X1
Execution_unit_Pipe0_FIR_datoOutput_reg_2_   0.002419   0.0006275    0.003126   7.918e-05  DFF_X1
Execution_unit_Pipe3_FIR_datoOutput_reg_0_   0.002407   0.0006259    0.003112   7.918e-05  DFF_X1
Execution_unit_Pipe0_FIR_datoOutput_reg_0_   0.002389   0.0006285    0.003096   7.918e-05  DFF_X1
Execution_unit_FirstMultiplier_IIR_mult_17_U35    0.00206   0.0009558     0.00308   6.418e-05  FA_X1
Execution_unit_SecondMultiplier_IIR_mult_17_U18   0.001996    0.001004    0.003077   7.703e-05  FA_X1
FE_RC_15_0                     0.0001695    0.002879    0.003062   1.356e-05  INV_X1
Execution_unit_Pipe1_FIR_datoOutput_reg_5_   0.002376    0.000605     0.00306   7.918e-05  DFF_X1
Execution_unit_Pipe1_FIR_datoOutput_reg_2_   0.002351   0.0006192     0.00305   7.918e-05  DFF_X1
Execution_unit_Pipe1_FIR_datoOutput_reg_4_   0.002371   0.0005981    0.003048   7.918e-05  DFF_X1
Execution_unit_SecondSUM_IIR_add_15_U1_2   0.001883    0.001092    0.003044   6.908e-05  FA_X1
Execution_unit_ThirdSUM_FIR_add_15_U1_6   0.002515   0.0004115    0.002998   7.198e-05  FA_X1
Execution_unit_Pipe1_FIR_datoOutput_reg_3_   0.002286   0.0006069    0.002972   7.918e-05  DFF_X1
Execution_unit_ThirdSUM_FIR_add_15_U1_2   0.002022   0.0008669    0.002959   6.955e-05  FA_X1
FE_RC_18_0                     0.0001695    0.002731    0.002914   1.355e-05  INV_X1
Execution_unit_Pipe1_FIR_datoOutput_reg_1_   0.002199   0.0005649    0.002843   7.918e-05  DFF_X1
Execution_unit_FirstSUM_FIR_add_15_U1_6   0.002336   0.0004215    0.002833   7.601e-05  FA_X1
Execution_unit_SecondMultiplier_IIR_mult_17_U23   0.001598    0.001158    0.002827   7.058e-05  FA_X1
Execution_unit_SecondMultiplier_IIR_mult_17_U32   0.001615    0.001126    0.002819   7.754e-05  FA_X1
Execution_unit_Pipe1_FIR_datoOutput_reg_6_   0.002185   0.0005366    0.002801   7.918e-05  DFF_X1
Execution_unit_Pipe1_FIR_datoOutput_reg_0_   0.002167   0.0005335     0.00278   7.918e-05  DFF_X1
Execution_unit_FirstMultiplier_IIR_mult_17_U23   0.001597    0.001109    0.002777   7.058e-05  FA_X1
Execution_unit_SecondSUM_FIR_add_15_U1_1   0.001579    0.001126    0.002773   6.831e-05  FA_X1
Execution_unit_FirstMultiplier_IIR_mult_17_U32   0.001555    0.001125    0.002768   8.818e-05  FA_X1
Execution_unit_FirstSUM_FIR_add_15_U1_1    0.00186   0.0008225    0.002756   7.358e-05  FA_X1
Execution_unit_SecondMultiplier_IIR_mult_17_U19   0.001594    0.001016    0.002682   7.235e-05  FA_X1
Execution_unit_FirstMultiplier_IIR_mult_17_U19   0.001593    0.000994    0.002659   7.235e-05  FA_X1
Execution_unit_SecondMultiplier_FIR_mult_17_U4   0.001539    0.001018    0.002632   7.448e-05  FA_X1
Execution_unit_SecondMultiplier_IIR_mult_17_U16   0.001595   0.0009539    0.002626   7.685e-05  FA_X1
Execution_unit_SecondSUM_IIR_add_15_U1_1   0.001558   0.0009667    0.002594   6.833e-05  FA_X1
Execution_unit_FirstMultiplier_IIR_mult_17_U16   0.001594   0.0009099    0.002581   7.685e-05  FA_X1
Execution_unit_SecondMultiplier_FIR_mult_17_U5    0.00151   0.0009441    0.002528   7.332e-05  FA_X1
Execution_unit_FirstMultiplier_IIR_mult_17_U27   0.001556   0.0008711    0.002503   7.617e-05  FA_X1
Execution_unit_SecondMultiplier_IIR_mult_17_U22   0.001479   0.0008828    0.002452   8.992e-05  FA_X1
Execution_unit_SecondMultiplier_FIR_mult_17_U7   0.001462   0.0009114    0.002444   7.106e-05  FA_X1
Execution_unit_SecondMultiplier_IIR_mult_17_U39   0.001546   0.0008099    0.002416   6.082e-05  FA_X1
FE_DBTC5_Execution_unit_w0_IIR_0   0.000169    0.002197     0.00238   1.354e-05  INV_X1
Execution_unit_SecondMultiplier_FIR_mult_17_U8    0.00138   0.0008718    0.002325   7.326e-05  FA_X1
Execution_unit_SecondMultiplier_IIR_mult_17_U42   0.001591   0.0006575    0.002317   6.829e-05  FA_X1
Execution_unit_SecondMultiplier_FIR_mult_17_U3   0.001391   0.0008482    0.002315   7.638e-05  FA_X1
Execution_unit_SecondMultiplier_IIR_mult_17_U27   0.001425   0.0008067    0.002294   6.259e-05  FA_X1
Execution_unit_ThirdMultiplier_FIR_mult_17_U4   0.001539     0.00067    0.002285   7.568e-05  FA_X1
Execution_unit_SecondMultiplier_IIR_mult_17_U37   0.001327   0.0008871     0.00228   6.675e-05  FA_X1
Execution_unit_FirstMultiplier_IIR_mult_17_U37   0.001287   0.0009072    0.002255   6.145e-05  FA_X1
Execution_unit_SecondMultiplier_FIR_mult_17_U6   0.001341   0.0008333    0.002247    7.29e-05  FA_X1
Execution_unit_FirstMultiplier_IIR_mult_17_U39   0.001394   0.0007818    0.002237   6.194e-05  FA_X1
Execution_unit_ThirdSUM_FIR_add_15_U1_1   0.001516    0.000626    0.002207   6.539e-05  FA_X1
Execution_unit_Pipe2_FIR_datoOutput_reg_6_   0.001719   0.0003906    0.002189   7.918e-05  DFF_X1
Execution_unit_Pipe2_FIR_datoOutput_reg_3_   0.001722   0.0003867    0.002187   7.918e-05  DFF_X1
Execution_unit_Pipe2_FIR_datoOutput_reg_5_   0.001719    0.000386    0.002184   7.918e-05  DFF_X1
Execution_unit_Pipe2_FIR_datoOutput_reg_4_   0.001715   0.0003849    0.002179   7.918e-05  DFF_X1
Execution_unit_ThirdMultiplier_FIR_mult_17_U3   0.001504   0.0005796     0.00216   7.659e-05  FA_X1
Execution_unit_FirstMultiplier_IIR_mult_17_U41   0.001093    0.001003    0.002155   5.813e-05  HA_X1
Execution_unit_SecondMultiplier_IIR_mult_17_U40   0.001293   0.0007946    0.002149   6.103e-05  FA_X1
Execution_unit_FirstMultiplier_IIR_mult_17_U36   0.001314   0.0007693    0.002141   5.733e-05  FA_X1
Execution_unit_SecondMultiplier_IIR_mult_17_U41   0.001093   0.0009629    0.002114   5.813e-05  HA_X1
Execution_unit_FirstMultiplier_IIR_mult_17_U34   0.001093   0.0009572    0.002108   5.815e-05  HA_X1
Execution_unit_SecondMultiplier_IIR_mult_17_U33   0.001283   0.0007636    0.002108   6.145e-05  FA_X1
Execution_unit_FirstMultiplier_IIR_mult_17_U33   0.001322   0.0007152    0.002104   6.673e-05  FA_X1
Execution_unit_SW2_FIR_datoOutput_reg_6_   0.001452    0.000513    0.002044   7.895e-05  DFF_X1
Execution_unit_SecondMultiplier_IIR_mult_17_U34   0.001092   0.0008812    0.002031   5.815e-05  HA_X1
Execution_unit_ThirdMultiplier_FIR_mult_17_U5   0.001361   0.0005833    0.002014   6.971e-05  FA_X1
Execution_unit_Pipe2_FIR_datoOutput_reg_2_   0.001568   0.0003212    0.001968   7.917e-05  DFF_X1
Execution_unit_ThirdMultiplier_FIR_mult_17_U8   0.001249   0.0006148    0.001933   6.905e-05  FA_X1
Execution_unit_SecondMultiplier_IIR_mult_17_U44   0.001089   0.0007618    0.001909   5.815e-05  HA_X1
Execution_unit_ThirdMultiplier_FIR_mult_17_U6   0.001283   0.0005562    0.001903   6.389e-05  FA_X1
Execution_unit_SecondMultiplier_IIR_mult_17_U147   0.001111   0.0007245    0.001879   4.306e-05  AOI222_X1
Execution_unit_FirstMultiplier_IIR_mult_17_U38   0.001088   0.0007313    0.001878   5.813e-05  HA_X1
Execution_unit_Pipe2_FIR_datoOutput_reg_1_   0.001528   0.0002633     0.00187   7.877e-05  DFF_X1
Execution_unit_Pipe2_FIR_datoOutput_reg_0_   0.001527   0.0002553    0.001861   7.877e-05  DFF_X1
Execution_unit_ThirdMultiplier_FIR_mult_17_U7    0.00124   0.0005453    0.001852   6.691e-05  FA_X1
Execution_unit_SW1_FIR_datoOutput_reg_6_   0.001338   0.0004236     0.00184   7.911e-05  DFF_X1
Execution_unit_SecondMultiplier_IIR_mult_17_U38   0.001087   0.0006639    0.001809   5.813e-05  HA_X1
Execution_unit_SecondMultiplier_IIR_mult_17_U146  0.0009669   0.0007585    0.001789   6.325e-05  OAI222_X1
Execution_unit_FirstMultiplier_IIR_mult_17_U43   0.001087   0.0006013    0.001747   5.813e-05  HA_X1
Execution_unit_SW1_FIR_datoOutput_reg_1_   0.001337   0.0003254    0.001741   7.911e-05  DFF_X1
Execution_unit_SW2_FIR_datoOutput_reg_0_   0.001445    0.000211    0.001735   7.895e-05  DFF_X1
Execution_unit_SW1_FIR_datoOutput_reg_2_   0.001336   0.0003135    0.001729   7.911e-05  DFF_X1
Execution_unit_SW2_FIR_datoOutput_reg_1_   0.001445    0.000199    0.001723   7.895e-05  DFF_X1
Execution_unit_SW1_FIR_datoOutput_reg_3_   0.001336   0.0003037    0.001719   7.911e-05  DFF_X1
Execution_unit_SW1_FIR_datoOutput_reg_0_   0.001336   0.0002944     0.00171   7.911e-05  DFF_X1
Execution_unit_SW2_FIR_datoOutput_reg_2_   0.001444   0.0001817    0.001705   7.895e-05  DFF_X1
Execution_unit_SW2_FIR_datoOutput_reg_3_   0.001444   0.0001808    0.001704   7.895e-05  DFF_X1
Execution_unit_SW2_FIR_datoOutput_reg_4_   0.001444   0.0001737    0.001697   7.895e-05  DFF_X1
Execution_unit_SW1_FIR_datoOutput_reg_4_   0.001335   0.0002797    0.001694   7.911e-05  DFF_X1
Execution_unit_SW1_FIR_datoOutput_reg_5_   0.001335   0.0002784    0.001693   7.911e-05  DFF_X1
Execution_unit_SW0_FIR_datoOutput_reg_6_   0.001185   0.0004216    0.001686   7.918e-05  DFF_X1
Execution_unit_SecondMultiplier_IIR_mult_17_U126   0.001098   0.0005504    0.001684   3.634e-05  XNOR2_X1
Execution_unit_SW2_FIR_datoOutput_reg_5_   0.001444   0.0001611    0.001684   7.895e-05  DFF_X1
Execution_unit_FirstMultiplier_IIR_mult_17_U126   0.001097   0.0005503    0.001683   3.639e-05  XNOR2_X1
CU_STATE_reg_2_                  0.00104   0.0005161    0.001643   8.642e-05  DFFR_X1
Execution_unit_FirstSUM_IIR_add_15_U2  0.0008787   0.0006887    0.001601   3.387e-05  XOR2_X1
CU_STATE_reg_1_                  0.00114   0.0003651    0.001591    8.58e-05  DFFR_X1
Execution_unit_ThirdMultiplier_FIR_mult_17_U20  0.0009128    0.000595    0.001578   7.009e-05  FA_X1
Execution_unit_FirstMultiplier_IIR_mult_17_U125   0.001019   0.0004581    0.001514   3.632e-05  XOR2_X1
Execution_unit_SW0_FIR_datoOutput_reg_2_   0.001183   0.0002471    0.001509   7.918e-05  DFF_X1
Execution_unit_LoadedOutput_datoOutput_reg_3_   0.001271   0.0001589    0.001507   7.744e-05  DFF_X1
Execution_unit_SW0_FIR_datoOutput_reg_0_   0.001183   0.0002446    0.001507   7.918e-05  DFF_X1
Execution_unit_LoadedOutput_datoOutput_reg_0_   0.001271   0.0001549    0.001503   7.744e-05  DFF_X1
Execution_unit_FirstMultiplier_FIR_mult_17_U4  0.0008708   0.0005546    0.001503   7.755e-05  FA_X1
Execution_unit_SW0_FIR_datoOutput_reg_1_   0.001183   0.0002406    0.001502   7.918e-05  DFF_X1
Execution_unit_LoadedOutput_datoOutput_reg_1_   0.001271   0.0001511    0.001499   7.744e-05  DFF_X1
Execution_unit_LoadedOutput_datoOutput_reg_2_   0.001271   0.0001475    0.001496   7.744e-05  DFF_X1
Execution_unit_SW0_FIR_datoOutput_reg_3_   0.001182   0.0002327    0.001494   7.918e-05  DFF_X1
Execution_unit_SW0_FIR_datoOutput_reg_4_   0.001182   0.0002268    0.001488   7.918e-05  DFF_X1
Execution_unit_SecondSUM_FIR_add_15_U2   0.000724   0.0007272    0.001485   3.388e-05  XOR2_X1
Execution_unit_ThirdMultiplier_FIR_mult_17_U17  0.0008405   0.0005585     0.00148   8.091e-05  FA_X1
Execution_unit_SecondMultiplier_IIR_mult_17_U125   0.001018   0.0004181    0.001473   3.634e-05  XOR2_X1
CU_STATE_reg_0_                0.0009977   0.0003888    0.001472   8.585e-05  DFFR_X1
Execution_unit_SW0_FIR_datoOutput_reg_5_   0.001181    0.000203    0.001463   7.918e-05  DFF_X1
Execution_unit_FirstMultiplier_FIR_mult_17_U5  0.0008619   0.0005274    0.001461   7.173e-05  FA_X1
Execution_unit_SecondMultiplier_IIR_mult_17_U148  0.0007337    0.000626    0.001421   6.119e-05  OAI222_X1
Execution_unit_SecondSUM_IIR_add_15_U2  0.0007213   0.0006121    0.001367   3.388e-05  XOR2_X1
Execution_unit_FirstMultiplier_FIR_mult_17_U6  0.0007941   0.0004933    0.001361   7.355e-05  FA_X1
Execution_unit_SecondMultiplier_FIR_mult_17_U17  0.0007652   0.0005174    0.001358    7.58e-05  FA_X1
Execution_unit_ThirdMultiplier_FIR_mult_17_U30  0.0007744   0.0005197    0.001358   6.341e-05  FA_X1
Execution_unit_SecondMultiplier_FIR_mult_17_U24  0.0007613   0.0005238    0.001357    7.23e-05  FA_X1
Execution_unit_SecondMultiplier_FIR_mult_17_U20  0.0007616   0.0005181    0.001352    7.25e-05  FA_X1
Execution_unit_ThirdSUM_FIR_add_15_U1  0.0009727   0.0003158    0.001323   3.505e-05  XOR2_X1
Execution_unit_FirstMultiplier_FIR_mult_17_U3  0.0007948   0.0004517     0.00132    7.31e-05  FA_X1
Execution_unit_FirstMultiplier_IIR_mult_17_U146  0.0006916   0.0005508    0.001312   6.968e-05  OAI222_X1
Execution_unit_FirstMultiplier_IIR_mult_17_U147  0.0008126   0.0004418    0.001293   3.901e-05  AOI222_X1
Execution_unit_SecondMultiplier_FIR_mult_17_U30  0.0007336   0.0004752    0.001277   6.799e-05  FA_X1
Execution_unit_LoadedInput_datoOutput_reg_10_  0.0009841   0.0001972     0.00126   7.911e-05  DFF_X1
Execution_unit_ThirdMultiplier_FIR_mult_17_U25  0.0007286   0.0004431    0.001243   7.106e-05  FA_X1
Execution_unit_ThirdMultiplier_FIR_mult_17_U21  0.0007058   0.0004576    0.001238   7.443e-05  FA_X1
Execution_unit_FirstMultiplier_FIR_mult_17_U7  0.0007051   0.0004573     0.00123   6.734e-05  FA_X1
Execution_unit_LoadedInput_datoOutput_reg_8_  0.0009835   0.0001572     0.00122   7.911e-05  DFF_X1
Execution_unit_FirstMultiplier_FIR_mult_17_U8   0.000688   0.0004596    0.001213   6.572e-05  FA_X1
Execution_unit_FourthMultiplier_FIR_mult_17_U5  0.0008043   0.0003314    0.001213   7.727e-05  FA_X1
Execution_unit_FourthMultiplier_FIR_mult_17_U4  0.0007993   0.0003289    0.001208   7.952e-05  FA_X1
Execution_unit_FourthMultiplier_FIR_mult_17_U3  0.0008158    0.000318    0.001207   7.319e-05  FA_X1
Execution_unit_LoadedInput_datoOutput_reg_7_  0.0009819   0.0001149    0.001176   7.911e-05  DFF_X1
Execution_unit_ThirdMultiplier_FIR_mult_17_U24  0.0006526   0.0004595     0.00117   5.835e-05  FA_X1
Execution_unit_LoadedInput_datoOutput_reg_9_  0.0009816   0.0001052    0.001166   7.911e-05  DFF_X1
Execution_unit_FourthMultiplier_FIR_mult_17_U17  0.0006495     0.00043     0.00116   8.007e-05  FA_X1
Execution_unit_FourthMultiplier_FIR_mult_17_U20  0.0006402   0.0004377    0.001156   7.851e-05  FA_X1
Execution_unit_FirstSUM_FIR_add_15_U1  0.0007606   0.0003588    0.001156   3.616e-05  XOR2_X1
Execution_unit_ThirdMultiplier_FIR_mult_17_U35  0.0007276   0.0003592    0.001155   6.866e-05  FA_X1
Execution_unit_LoadedInput_datoOutput_reg_5_  0.0009811   9.371e-05    0.001154   7.911e-05  DFF_X1
Execution_unit_LoadedInput_datoOutput_reg_4_  0.0009811   9.182e-05    0.001152   7.911e-05  DFF_X1
Execution_unit_LoadedInput_datoOutput_reg_6_   0.000981   9.112e-05    0.001151   7.911e-05  DFF_X1
Execution_unit_FirstMultiplier_IIR_mult_17_U158  0.0007131   0.0003928    0.001141   3.489e-05  XNOR2_X1
Execution_unit_SecondMultiplier_IIR_mult_17_U158  0.0007155   0.0003892     0.00114   3.489e-05  XNOR2_X1
Execution_unit_ThirdMultiplier_FIR_mult_17_U31  0.0006511   0.0004063     0.00112   6.258e-05  FA_X1
CU_U3                           7.18e-05    0.001014    0.001105    1.88e-05  NAND2_X1
Execution_unit_ThirdMultiplier_FIR_mult_17_U126  0.0007544   0.0003099    0.001099   3.498e-05  XNOR2_X1
Execution_unit_ThirdMultiplier_FIR_mult_17_U40  0.0005875   0.0004291    0.001083   6.664e-05  FA_X1
Execution_unit_SecondMultiplier_IIR_mult_17_U111  0.0003298   0.0007357     0.00108   1.435e-05  INV_X1
Execution_unit_FirstMultiplier_IIR_mult_17_U109  0.0003297   0.0007282    0.001072   1.435e-05  INV_X1
Execution_unit_SecondMultiplier_FIR_mult_17_U21  0.0006087   0.0003876    0.001072   7.575e-05  FA_X1
Execution_unit_SecondMultiplier_FIR_mult_17_U31  0.0006088   0.0003884    0.001069   7.186e-05  FA_X1
Execution_unit_FirstMultiplier_IIR_mult_17_U40  0.0006405   0.0003698    0.001066   5.599e-05  FA_X1
Execution_unit_ThirdMultiplier_FIR_mult_17_U15  0.0005858   0.0004018    0.001058   6.991e-05  FA_X1
Execution_unit_LoadedInput_datoOutput_reg_2_  0.0009781           0    0.001057   7.911e-05  DFF_X1
Execution_unit_LoadedInput_datoOutput_reg_0_  0.0009781           0    0.001057   7.911e-05  DFF_X1
Execution_unit_LoadedInput_datoOutput_reg_1_  0.0009781           0    0.001057   7.911e-05  DFF_X1
Execution_unit_LoadedInput_datoOutput_reg_3_   0.000978           0    0.001057   7.911e-05  DFF_X1
Execution_unit_SecondMultiplier_FIR_mult_17_U25  0.0006058   0.0003805    0.001057    7.05e-05  FA_X1
Execution_unit_SecondMultiplier_IIR_mult_17_U43  0.0007788   0.0002182    0.001043   4.563e-05  HA_X1
Execution_unit_ThirdMultiplier_FIR_mult_17_U27  0.0005847   0.0003605    0.001015   6.991e-05  FA_X1
CU_U12                         0.0002076   0.0006897    0.001003   0.0001057  NOR3_X4
Execution_unit_SecondMultiplier_FIR_mult_17_U35  0.0006049   0.0002845   0.0009619    7.25e-05  FA_X1
Execution_unit_FourthMultiplier_FIR_mult_17_U22   0.000541   0.0003152    0.000946   8.973e-05  FA_X1
Execution_unit_SecondMultiplier_FIR_mult_17_U126  0.0006634   0.0002417   0.0009401   3.497e-05  XNOR2_X1
Execution_unit_SecondMultiplier_FIR_mult_17_U15  0.0005007    0.000362   0.0009339   7.122e-05  FA_X1
Execution_unit_SecondMultiplier_FIR_mult_17_U39  0.0005779   0.0002768   0.0009196    6.49e-05  FA_X1
Execution_unit_SecondMultiplier_FIR_mult_17_U37  0.0004889   0.0003481   0.0009076   7.059e-05  FA_X1
Execution_unit_FourthMultiplier_FIR_mult_17_U21  0.0005315   0.0003118   0.0009074   6.414e-05  FA_X1
Execution_unit_FourthMultiplier_FIR_mult_17_U25  0.0005156   0.0003047   0.0008991   7.882e-05  FA_X1
Execution_unit_FirstMultiplier_FIR_mult_17_U24  0.0004935   0.0003292   0.0008984   7.576e-05  FA_X1
Execution_unit_ThirdMultiplier_FIR_mult_17_U32  0.0004942   0.0003096   0.0008919   8.805e-05  FA_X1
Execution_unit_FourthMultiplier_FIR_mult_17_U18  0.0005241   0.0002909   0.0008888    7.38e-05  FA_X1
Execution_unit_SW2_IIR_U18     0.0004822   0.0003739   0.0008872   3.112e-05  AOI22_X1
Execution_unit_SW1_IIR_U12     0.0004774   0.0003788   0.0008872   3.111e-05  AOI22_X1
Execution_unit_Pipe3_FIR_U14   0.0004771   0.0003766   0.0008849    3.11e-05  AOI22_X1
Execution_unit_SW1_IIR_U16     0.0004776    0.000376   0.0008847   3.111e-05  AOI22_X1
Execution_unit_SecondMultiplier_FIR_mult_17_U146  0.0004764   0.0003506   0.0008833   5.635e-05  OAI222_X1
Execution_unit_ThirdMultiplier_FIR_mult_17_U22  0.0004943   0.0002928   0.0008752   8.805e-05  FA_X1
Execution_unit_SW2_IIR_U16      0.000477   0.0003605   0.0008686   3.111e-05  AOI22_X1
Execution_unit_SecondMultiplier_FIR_mult_17_U40  0.0004877    0.000307   0.0008653   7.059e-05  FA_X1
Execution_unit_Pipe0_FIR_U18   0.0004765   0.0003551   0.0008627   3.111e-05  AOI22_X1
Execution_unit_SW2_IIR_U8      0.0004751   0.0003562   0.0008625   3.111e-05  AOI22_X1
Execution_unit_FourthMultiplier_FIR_mult_17_U27  0.0005045   0.0002898   0.0008609   6.655e-05  FA_X1
Execution_unit_SW1_IIR_U14     0.0004768   0.0003525   0.0008604   3.111e-05  AOI22_X1
Execution_unit_Pipe3_FIR_U16   0.0004766   0.0003526   0.0008603    3.11e-05  AOI22_X1
Execution_unit_ThirdMultiplier_FIR_mult_17_U42  0.0005363   0.0002595   0.0008602   6.443e-05  FA_X1
Execution_unit_Pipe0_FIR_U10   0.0004766   0.0003525   0.0008602   3.111e-05  AOI22_X1
Execution_unit_SW0_IIR_U16     0.0004768   0.0003492   0.0008571    3.11e-05  AOI22_X1
Execution_unit_ThirdMultiplier_FIR_mult_17_U37  0.0004416   0.0003544   0.0008549   5.898e-05  FA_X1
Execution_unit_SW1_IIR_U18     0.0004829   0.0003365   0.0008505   3.112e-05  AOI22_X1
Execution_unit_ThirdMultiplier_FIR_mult_17_U19  0.0004856    0.000298   0.0008485   6.494e-05  FA_X1
Execution_unit_Pipe3_FIR_U12   0.0004763   0.0003392   0.0008465   3.109e-05  AOI22_X1
Execution_unit_SW0_IIR_U14     0.0004754   0.0003395    0.000846    3.11e-05  AOI22_X1
Execution_unit_Pipe0_FIR_U6    0.0004763   0.0003372   0.0008447   3.111e-05  AOI22_X1
Execution_unit_SW2_IIR_U6      0.0004762   0.0003368   0.0008441   3.111e-05  AOI22_X1
Execution_unit_SW0_IIR_U18     0.0004764   0.0003362   0.0008438    3.11e-05  AOI22_X1
Execution_unit_Pipe3_FIR_U18   0.0004761    0.000332   0.0008392    3.11e-05  AOI22_X1
Execution_unit_SW1_IIR_U8      0.0004637   0.0003436   0.0008384   3.111e-05  AOI22_X1
Execution_unit_SecondMultiplier_FIR_mult_17_U36  0.0004854   0.0002873   0.0008375   6.492e-05  FA_X1
Execution_unit_SW2_IIR_U10      0.000476   0.0003293   0.0008364   3.111e-05  AOI22_X1
Execution_unit_SW2_IIR_U14     0.0004761   0.0003255   0.0008327   3.111e-05  AOI22_X1
Execution_unit_SecondMultiplier_FIR_mult_17_U27  0.0004859   0.0002743   0.0008326   7.235e-05  FA_X1
Execution_unit_SW2_IIR_U12     0.0004762   0.0003227     0.00083   3.111e-05  AOI22_X1
Execution_unit_ThirdMultiplier_FIR_mult_17_U147  0.0004601   0.0003283   0.0008279   3.957e-05  AOI222_X1
Execution_unit_SW1_IIR_U6      0.0004648    0.000331   0.0008269   3.111e-05  AOI22_X1
Execution_unit_SW0_IIR_U6      0.0004715   0.0003234    0.000826   3.111e-05  AOI22_X1
Execution_unit_SecondMultiplier_FIR_mult_17_U26  0.0004778   0.0002679   0.0008237   7.795e-05  FA_X1
Execution_unit_SecondMultiplier_FIR_mult_17_U22  0.0004422   0.0002895   0.0008212   8.945e-05  FA_X1
Execution_unit_Pipe3_FIR_U10   0.0004547   0.0003348   0.0008206   3.109e-05  AOI22_X1
Execution_unit_Pipe0_FIR_U16    0.000463   0.0003256   0.0008197   3.111e-05  AOI22_X1
Execution_unit_SW1_IIR_U10     0.0004631    0.000319   0.0008132   3.111e-05  AOI22_X1
Execution_unit_SW0_IIR_U12     0.0004593   0.0003196   0.0008099    3.11e-05  AOI22_X1
Execution_unit_ThirdMultiplier_FIR_mult_17_U16  0.0004616   0.0002721   0.0008091   7.545e-05  FA_X1
Execution_unit_FirstMultiplier_IIR_mult_17_U129  0.0003156   0.0004688   0.0008023    1.79e-05  NOR2_X1
Execution_unit_ThirdMultiplier_FIR_mult_17_U18  0.0004787    0.000241   0.0007934   7.363e-05  FA_X1
Execution_unit_FirstSUM_IIR_add_15_U1  0.0004499   0.0003185   0.0007925   2.416e-05  AND2_X1
Execution_unit_FirstMultiplier_IIR_mult_17_U157  0.0002118   0.0005498   0.0007914   2.984e-05  NAND2_X1
Execution_unit_SecondMultiplier_FIR_mult_17_U19  0.0004359   0.0002827   0.0007812   6.259e-05  FA_X1
Execution_unit_SecondMultiplier_IIR_mult_17_U129  0.0003162   0.0004365   0.0007706    1.79e-05  NOR2_X1
Execution_unit_LoadedOutput_U8  0.0005163   0.0002226   0.0007691   3.012e-05  OAI21_X1
Execution_unit_FirstMultiplier_IIR_mult_17_U174  0.0002285   0.0005209   0.0007687    1.93e-05  NOR2_X1
Execution_unit_SecondMultiplier_FIR_mult_17_U42  0.0004864   0.0002078   0.0007626   6.832e-05  FA_X1
Execution_unit_LoadedOutput_U6   0.000516   0.0002157   0.0007618   3.012e-05  OAI21_X1
Execution_unit_SecondMultiplier_IIR_mult_17_U151  0.0004112   0.0003243   0.0007604   2.488e-05  NOR4_X1
Execution_unit_SecondMultiplier_FIR_mult_17_U147  0.0004108   0.0003026   0.0007596   4.625e-05  AOI222_X1
Execution_unit_SecondMultiplier_FIR_mult_17_U32   0.000411   0.0002627   0.0007596   8.585e-05  FA_X1
Execution_unit_SecondMultiplier_FIR_mult_17_U18  0.0004493   0.0002242   0.0007521   7.848e-05  FA_X1
Execution_unit_FirstMultiplier_FIR_mult_17_U17  0.0004013   0.0002757   0.0007506   7.358e-05  FA_X1
Execution_unit_ThirdMultiplier_FIR_mult_17_U33  0.0004389   0.0002509   0.0007488   5.898e-05  FA_X1
Execution_unit_FirstMultiplier_FIR_mult_17_U30  0.0004042   0.0002784   0.0007474   6.472e-05  FA_X1
Execution_unit_ThirdMultiplier_FIR_mult_17_U36  0.0004384   0.0002494   0.0007468   5.898e-05  FA_X1
Execution_unit_SecondMultiplier_IIR_mult_17_U139  0.0002963   0.0004326   0.0007465   1.755e-05  NAND2_X1
Execution_unit_LoadedOutput_U10  0.0005158   0.0002002   0.0007461   3.012e-05  OAI21_X1
Execution_unit_Pipe0_FIR_U14   0.0004199    0.000295   0.0007461   3.111e-05  AOI22_X1
Execution_unit_FirstMultiplier_FIR_mult_17_U20  0.0003995   0.0002726   0.0007418   6.968e-05  FA_X1
Execution_unit_SecondMultiplier_IIR_mult_17_U161  0.0002163   0.0004946   0.0007407   2.984e-05  NAND2_X1
Execution_unit_FirstMultiplier_IIR_mult_17_U160  0.0002715   0.0004512   0.0007402   1.753e-05  NAND2_X1
Execution_unit_SecondMultiplier_IIR_mult_17_U137  0.0003243   0.0003972   0.0007393    1.79e-05  NOR2_X1
Execution_unit_FirstMultiplier_IIR_mult_17_U139  0.0002964   0.0004252   0.0007392   1.755e-05  NAND2_X1
Execution_unit_SecondMultiplier_IIR_mult_17_U128  0.0003257   0.0003928   0.0007364    1.79e-05  NOR2_X1
Execution_unit_FirstMultiplier_IIR_mult_17_U137  0.0003244    0.000392   0.0007343    1.79e-05  NOR2_X1
Execution_unit_SecondMultiplier_FIR_mult_17_U23  0.0003963   0.0002761   0.0007334   6.103e-05  FA_X1
Execution_unit_FirstMultiplier_IIR_mult_17_U159  0.0003173   0.0003942   0.0007322   2.067e-05  NAND2_X1
Execution_unit_LoadedOutput_U4  0.0005005   0.0002007   0.0007313   3.013e-05  OAI21_X1
Execution_unit_FirstMultiplier_IIR_mult_17_U128  0.0003259   0.0003853   0.0007291    1.79e-05  NOR2_X1
Execution_unit_FirstMultiplier_IIR_mult_17_U141   0.000241   0.0004617    0.000722    1.93e-05  NOR2_X1
Execution_unit_SecondMultiplier_IIR_mult_17_U130  0.0003269   0.0003764   0.0007212    1.79e-05  NOR2_X1
Execution_unit_Pipe3_FIR_U8    0.0003937   0.0002959   0.0007206   3.104e-05  AOI22_X1
Execution_unit_SecondMultiplier_FIR_mult_17_U125  0.0002973   0.0003835   0.0007184    3.76e-05  XOR2_X1
Execution_unit_SecondMultiplier_IIR_mult_17_U145   0.000297   0.0004036   0.0007181   1.755e-05  NAND2_X1
Execution_unit_FirstMultiplier_FIR_mult_17_U31  0.0003989   0.0002424   0.0007171   7.576e-05  FA_X1
Execution_unit_SecondMultiplier_IIR_mult_17_U179  0.0003052   0.0003891   0.0007123   1.789e-05  NOR2_X1
Execution_unit_FirstMultiplier_IIR_mult_17_U152  0.0002128   0.0004683    0.000711   2.981e-05  NAND2_X1
Execution_unit_LoadedOutput_U12  0.0004841   0.0001967   0.0007108   3.012e-05  OAI21_X1
Execution_unit_FirstMultiplier_IIR_mult_17_U179  0.0003053   0.0003865   0.0007097   1.789e-05  NOR2_X1
Execution_unit_FirstMultiplier_IIR_mult_17_U177  0.0002486   0.0004417   0.0007096    1.93e-05  NOR2_X1
Execution_unit_ThirdMultiplier_FIR_mult_17_U44  0.0003931   0.0002594   0.0007084   5.594e-05  HA_X1
Execution_unit_SecondMultiplier_IIR_mult_17_U131   0.000332   0.0003581    0.000708    1.79e-05  NOR2_X1
Execution_unit_ThirdMultiplier_FIR_mult_17_U146  0.0003511   0.0002896   0.0007079   6.717e-05  OAI222_X1
Execution_unit_FirstMultiplier_IIR_mult_17_U142  0.0002426   0.0004428   0.0007048    1.93e-05  NOR2_X1
Execution_unit_SecondMultiplier_IIR_mult_17_U133  0.0003054   0.0003811   0.0007044   1.789e-05  NOR2_X1
Execution_unit_SecondMultiplier_IIR_mult_17_U141  0.0002417   0.0004433   0.0007043    1.93e-05  NOR2_X1
Execution_unit_FirstMultiplier_IIR_mult_17_U111  0.0002103   0.0004789   0.0007034   1.421e-05  INV_X1
Execution_unit_FirstMultiplier_IIR_mult_17_U130  0.0003273    0.000358   0.0007032    1.79e-05  NOR2_X1
Execution_unit_ThirdMultiplier_FIR_mult_17_U39  0.0004142   0.0002301   0.0007011   5.676e-05  FA_X1
Execution_unit_Pipe3_FIR_U6    0.0003968   0.0002731   0.0007009   3.097e-05  AOI22_X1
Execution_unit_SecondMultiplier_IIR_mult_17_U152  0.0002127    0.000458   0.0007006   2.981e-05  NAND2_X1
Execution_unit_FirstMultiplier_IIR_mult_17_U143  0.0002377    0.000442    0.000699    1.93e-05  NOR2_X1
Execution_unit_SW0_IIR_U10     0.0003929    0.000275    0.000699   3.109e-05  AOI22_X1
Execution_unit_SecondMultiplier_IIR_mult_17_U112   0.000211   0.0004726   0.0006978   1.425e-05  INV_X1
Execution_unit_SW0_IIR_U8      0.0004048   0.0002603   0.0006962   3.106e-05  AOI22_X1
Execution_unit_FirstSUM_FIR_add_15_U2  0.0003956   0.0002752   0.0006959   2.507e-05  AND2_X1
Execution_unit_SecondMultiplier_IIR_mult_17_U142  0.0002431   0.0004335   0.0006959    1.93e-05  NOR2_X1
Execution_unit_SecondMultiplier_IIR_mult_17_U159  0.0003026   0.0003724   0.0006957   2.067e-05  NAND2_X1
Execution_unit_FirstMultiplier_IIR_mult_17_U150  0.0003055   0.0003695    0.000693   1.789e-05  NOR2_X1
Execution_unit_SecondMultiplier_IIR_mult_17_U143  0.0002379   0.0004354   0.0006926    1.93e-05  NOR2_X1
Execution_unit_FirstMultiplier_IIR_mult_17_U133  0.0003056   0.0003677   0.0006912   1.789e-05  NOR2_X1
Execution_unit_SecondMultiplier_IIR_mult_17_U168  0.0002309   0.0004396   0.0006898    1.93e-05  NOR2_X1
Execution_unit_SecondMultiplier_FIR_mult_17_U16  0.0003834   0.0002323   0.0006895    7.38e-05  FA_X1
Execution_unit_SecondMultiplier_IIR_mult_17_U154  0.0002163   0.0004429   0.0006891   2.984e-05  NAND2_X1
Execution_unit_FourthMultiplier_FIR_mult_17_U126  0.0004716     0.00018    0.000686   3.437e-05  XNOR2_X1
Execution_unit_SecondMultiplier_IIR_mult_17_U162  0.0002311   0.0004354   0.0006858    1.93e-05  NOR2_X1
Execution_unit_FirstMultiplier_IIR_mult_17_U131  0.0003331   0.0003317   0.0006827    1.79e-05  NOR2_X1
Execution_unit_SecondMultiplier_FIR_mult_17_U33  0.0003951    0.000226   0.0006821   6.103e-05  FA_X1
Execution_unit_Pipe0_FIR_U12   0.0003912   0.0002594   0.0006817   3.111e-05  AOI22_X1
Execution_unit_SecondMultiplier_IIR_mult_17_U155  0.0002104    0.000441   0.0006812   2.984e-05  NAND2_X1
Execution_unit_SecondMultiplier_IIR_mult_17_U144  0.0002498   0.0004112   0.0006803    1.93e-05  NOR2_X1
Execution_unit_SecondMultiplier_FIR_mult_17_U41   0.000334   0.0002861   0.0006783   5.816e-05  HA_X1
Execution_unit_SecondMultiplier_IIR_mult_17_U138    0.00025   0.0004048   0.0006742    1.93e-05  NOR2_X1
Execution_unit_SecondMultiplier_IIR_mult_17_U163  0.0002439   0.0004106   0.0006738    1.93e-05  NOR2_X1
Execution_unit_FirstMultiplier_IIR_mult_17_U154  0.0002163   0.0004259    0.000672   2.984e-05  NAND2_X1
Execution_unit_SecondMultiplier_IIR_mult_17_U165  0.0002503   0.0004019   0.0006714    1.93e-05  NOR2_X1
Execution_unit_FirstMultiplier_IIR_mult_17_U136  0.0002439   0.0004079   0.0006711    1.93e-05  NOR2_X1
Execution_unit_Pipe0_FIR_U8    0.0003769    0.000263    0.000671   3.111e-05  AOI22_X1
Execution_unit_SecondMultiplier_IIR_mult_17_U170  0.0002388   0.0004073   0.0006654    1.93e-05  NOR2_X1
Execution_unit_FirstMultiplier_IIR_mult_17_U144  0.0002505   0.0003955   0.0006653    1.93e-05  NOR2_X1
Execution_unit_FirstMultiplier_IIR_mult_17_U138  0.0002505   0.0003951   0.0006649    1.93e-05  NOR2_X1
Execution_unit_SecondMultiplier_IIR_mult_17_U136  0.0002443   0.0004009   0.0006645    1.93e-05  NOR2_X1
Execution_unit_FirstMultiplier_FIR_mult_17_U126  0.0004577   0.0001657   0.0006585   3.513e-05  XNOR2_X1
Execution_unit_FirstMultiplier_IIR_mult_17_U173  0.0002434   0.0003939   0.0006567    1.93e-05  NOR2_X1
Execution_unit_SecondMultiplier_IIR_mult_17_U164  0.0002392   0.0003962   0.0006547    1.93e-05  NOR2_X1
Execution_unit_SecondMultiplier_IIR_mult_17_U134  0.0002436   0.0003911    0.000654    1.93e-05  NOR2_X1
Execution_unit_ThirdMultiplier_FIR_mult_17_U148  0.0003353   0.0002583   0.0006535   5.986e-05  OAI222_X1
Execution_unit_SecondMultiplier_IIR_mult_17_U153  0.0002102   0.0004131   0.0006532   2.983e-05  NAND2_X1
Execution_unit_FirstMultiplier_IIR_mult_17_U135  0.0002322   0.0003998   0.0006512    1.93e-05  NOR2_X1
Execution_unit_SecondMultiplier_FIR_mult_17_U34  0.0003335   0.0002588   0.0006504   5.816e-05  HA_X1
Execution_unit_FirstMultiplier_IIR_mult_17_U176  0.0002394   0.0003906   0.0006493    1.93e-05  NOR2_X1
Execution_unit_FirstMultiplier_IIR_mult_17_U134  0.0002438   0.0003834   0.0006465    1.93e-05  NOR2_X1
Execution_unit_SecondMultiplier_IIR_mult_17_U135  0.0002324   0.0003865   0.0006383    1.93e-05  NOR2_X1
Execution_unit_FirstMultiplier_IIR_mult_17_U132  0.0002997   0.0003166   0.0006338   1.755e-05  NAND2_X1
Execution_unit_SecondMultiplier_IIR_mult_17_U167  0.0002444   0.0003701   0.0006338    1.93e-05  NOR2_X1
Execution_unit_SecondMultiplier_IIR_mult_17_U132  0.0002999   0.0003142   0.0006316   1.755e-05  NAND2_X1
Execution_unit_Pipe1_FIR_U16   0.0003557   0.0002432     0.00063   3.117e-05  AOI22_X1
FE_RC_14_0                     0.0002052   0.0004071   0.0006258   1.356e-05  INV_X1
FE_RC_34_0                     0.0002054   0.0004039   0.0006228   1.356e-05  INV_X1
Execution_unit_SecondSUM_FIR_add_15_U1  0.0003494   0.0002486   0.0006223   2.428e-05  AND2_X1
Execution_unit_LoadedOutput_U22  0.0004177   0.0001729   0.0006208   3.019e-05  OAI21_X1
Execution_unit_LoadedOutput_U2  0.0004209   0.0001697   0.0006207   3.015e-05  OAI21_X1
Execution_unit_FirstMultiplier_FIR_mult_17_U37  0.0003207   0.0002226   0.0006191   7.576e-05  FA_X1
Execution_unit_FourthMultiplier_FIR_mult_17_U113  6.735e-05   0.0005386   0.0006184   1.249e-05  INV_X1
Execution_unit_SecondMultiplier_IIR_mult_17_U171  0.0002527   0.0003463   0.0006183    1.93e-05  NOR2_X1
Execution_unit_SecondMultiplier_FIR_mult_17_U44  0.0003329   0.0002271   0.0006182   5.816e-05  HA_X1
FE_RC_38_0                     0.0002059   0.0003971   0.0006166   1.356e-05  INV_X1
Execution_unit_SecondMultiplier_IIR_mult_17_U140  0.0002173   0.0003761   0.0006127    1.93e-05  NOR2_X1
Execution_unit_FirstMultiplier_IIR_mult_17_U140  0.0002172   0.0003745   0.0006111    1.93e-05  NOR2_X1
Execution_unit_Pipe1_FIR_U14    0.000345   0.0002325   0.0006086   3.109e-05  AOI22_X1
Execution_unit_SecondMultiplier_FIR_mult_17_U148  0.0003144   0.0002396   0.0006044   5.046e-05  OAI222_X1
Execution_unit_FourthMultiplier_FIR_mult_17_U115  6.742e-05   0.0005241   0.0006041   1.249e-05  INV_X1
Execution_unit_FirstMultiplier_IIR_mult_17_U175  0.0002472   0.0003326   0.0005991    1.93e-05  NOR2_X1
Execution_unit_FirstMultiplier_IIR_mult_17_U156  0.0002163   0.0003489    0.000595   2.984e-05  NAND2_X1
Execution_unit_ThirdMultiplier_FIR_mult_17_U125  0.0003358   0.0002207   0.0005941   3.759e-05  XOR2_X1
Execution_unit_LoadedOutput_U11  0.0002953   0.0002788   0.0005938   1.967e-05  NAND2_X1
Execution_unit_LoadedOutput_U9  0.0002953   0.0002779   0.0005929   1.967e-05  NAND2_X1
Execution_unit_FirstMultiplier_FIR_mult_17_U21  0.0003194   0.0001927   0.0005878   7.576e-05  FA_X1
Execution_unit_FourthMultiplier_FIR_mult_17_U116  6.748e-05   0.0005073   0.0005873   1.249e-05  INV_X1
Execution_unit_SecondMultiplier_IIR_mult_17_U169  0.0002481   0.0003142   0.0005816    1.93e-05  NOR2_X1
FE_RC_12_0                     5.132e-05   0.0005146   0.0005794   1.356e-05  INV_X1
Execution_unit_LoadedOutput_U7  0.0002944    0.000261   0.0005751   1.967e-05  NAND2_X1
Execution_unit_SecondMultiplier_IIR_mult_17_U156  0.0002164   0.0003275   0.0005737   2.984e-05  NAND2_X1
Execution_unit_LoadedOutput_U13  0.0002919   0.0002606   0.0005722   1.967e-05  NAND2_X1
Execution_unit_SW2_IIR_U17     0.0002952     0.00026   0.0005704   1.514e-05  INV_X1
Execution_unit_FirstMultiplier_FIR_mult_17_U40  0.0002921   0.0002039   0.0005675   7.141e-05  FA_X1
Execution_unit_LoadedOutput_U5   0.000284   0.0002635   0.0005672   1.967e-05  NAND2_X1
Execution_unit_SecondMultiplier_FIR_mult_17_U43  0.0003318    0.000176    0.000566   5.816e-05  HA_X1
Execution_unit_SW2_IIR_U11     0.0002931   0.0002545   0.0005627   1.515e-05  INV_X1
Execution_unit_SW0_IIR_U17     0.0002937   0.0002529   0.0005617   1.515e-05  INV_X1
Execution_unit_SecondMultiplier_IIR_mult_17_U109  0.0001685   0.0003775   0.0005596   1.354e-05  INV_X1
Execution_unit_SecondMultiplier_IIR_mult_17_U127  0.0002586    0.000271   0.0005594   2.984e-05  NAND2_X1
Execution_unit_Pipe1_FIR_U10   0.0003133   0.0002108   0.0005552   3.112e-05  AOI22_X1
Execution_unit_Pipe3_FIR_U15   0.0002943   0.0002454   0.0005548   1.515e-05  INV_X1
Execution_unit_SW1_IIR_U13     0.0002948   0.0002448   0.0005547   1.515e-05  INV_X1
Execution_unit_FirstMultiplier_IIR_mult_17_U127  0.0002586    0.000266   0.0005545   2.984e-05  NAND2_X1
Execution_unit_SW2_IIR_U7      0.0002936   0.0002446   0.0005533   1.515e-05  INV_X1
Execution_unit_SW1_IIR_U17      0.000294    0.000242   0.0005511   1.514e-05  INV_X1
Execution_unit_FirstMultiplier_FIR_mult_17_U22   0.000289    0.000174    0.000551   8.793e-05  FA_X1
Execution_unit_SW0_IIR_U15     0.0002943   0.0002414   0.0005509   1.515e-05  INV_X1
Execution_unit_Pipe0_FIR_U5    0.0002938   0.0002397   0.0005487   1.515e-05  INV_X1
Execution_unit_SW0_IIR_U5      0.0002908   0.0002404   0.0005464   1.515e-05  INV_X1
Execution_unit_SW1_IIR_U9      0.0002856    0.000243   0.0005437   1.515e-05  INV_X1
Execution_unit_Pipe0_FIR_U9    0.0002947   0.0002338   0.0005436   1.515e-05  INV_X1
Execution_unit_SW2_IIR_U13     0.0002933    0.000235   0.0005435   1.515e-05  INV_X1
Execution_unit_SW1_IIR_U11     0.0002961   0.0002315   0.0005427   1.515e-05  INV_X1
Execution_unit_Pipe0_FIR_U15   0.0002849   0.0002421   0.0005421   1.515e-05  INV_X1
FE_RC_36_0                     0.0002107   0.0003167    0.000541   1.356e-05  INV_X1
Execution_unit_SW0_IIR_U13      0.000294   0.0002318    0.000541   1.515e-05  INV_X1
Execution_unit_SW2_IIR_U9      0.0002935   0.0002302   0.0005389   1.515e-05  INV_X1
Execution_unit_SW1_IIR_U15      0.000296   0.0002276   0.0005388   1.515e-05  INV_X1
Execution_unit_ThirdMultiplier_FIR_mult_17_U115  6.201e-05   0.0004634   0.0005383   1.295e-05  INV_X1
Execution_unit_SW1_IIR_U7      0.0002867   0.0002353   0.0005372   1.515e-05  INV_X1
Execution_unit_Pipe3_FIR_U11   0.0002939    0.000228   0.0005371   1.515e-05  INV_X1
Execution_unit_Pipe3_FIR_U13   0.0002955    0.000226   0.0005367   1.515e-05  INV_X1
Execution_unit_Pipe0_FIR_U17   0.0002949   0.0002265   0.0005366   1.515e-05  INV_X1
Execution_unit_FirstMultiplier_FIR_mult_17_U32    0.00027   0.0001836   0.0005366   8.296e-05  FA_X1
Execution_unit_ThirdMultiplier_FIR_mult_17_U149  0.0002985   0.0002095   0.0005354   2.744e-05  AOI222_X1
Execution_unit_ThirdMultiplier_FIR_mult_17_U114   6.19e-05   0.0004595   0.0005344   1.295e-05  INV_X1
Execution_unit_SW2_IIR_U5      0.0002939    0.000225   0.0005341   1.515e-05  INV_X1
Execution_unit_SW2_IIR_U15     0.0002951   0.0002232   0.0005334   1.515e-05  INV_X1
Execution_unit_ThirdMultiplier_FIR_mult_17_U113  6.196e-05   0.0004584   0.0005333   1.295e-05  INV_X1
Execution_unit_SW0_IIR_U11      0.000283   0.0002351   0.0005332   1.515e-05  INV_X1
Execution_unit_FirstMultiplier_FIR_mult_17_U25   0.000282   0.0001843   0.0005311   6.472e-05  FA_X1
Execution_unit_Pipe3_FIR_U17   0.0002935   0.0002224    0.000531   1.515e-05  INV_X1
Execution_unit_FirstMultiplier_FIR_mult_17_U125  0.0002053   0.0002878   0.0005304   3.741e-05  XOR2_X1
Execution_unit_FourthMultiplier_FIR_mult_17_U117  6.751e-05   0.0004498   0.0005298   1.249e-05  INV_X1
Execution_unit_SW1_IIR_U5      0.0002873   0.0002245    0.000527   1.515e-05  INV_X1
Execution_unit_Pipe3_FIR_U9    0.0002798   0.0002315   0.0005265   1.516e-05  INV_X1
Execution_unit_Pipe1_FIR_U12    0.000295   0.0001979    0.000524   3.108e-05  AOI22_X1
Execution_unit_SecondMultiplier_IIR_mult_17_U110  0.0001524   0.0003575   0.0005209    1.11e-05  INV_X1
Execution_unit_FourthMultiplier_FIR_mult_17_U114   6.75e-05   0.0004407   0.0005207   1.249e-05  INV_X1
Execution_unit_SecondSUM_IIR_add_15_U1  0.0002871   0.0002078   0.0005192   2.428e-05  AND2_X1
Execution_unit_ThirdMultiplier_FIR_mult_17_U34  0.0002844   0.0001734   0.0005136    5.58e-05  HA_X1
Execution_unit_Pipe1_FIR_U8    0.0002804   0.0001976   0.0005091    3.11e-05  AOI22_X1
CU_U4                          5.256e-05    0.000429   0.0005077   2.618e-05  NAND3_X1
Execution_unit_FirstMultiplier_FIR_mult_17_U35   0.000305    0.000138   0.0005076   6.461e-05  FA_X1
Execution_unit_Pipe1_FIR_U6    0.0002754   0.0001956   0.0005021    3.11e-05  AOI22_X1
Execution_unit_Pipe1_FIR_U18   0.0002818   0.0001853   0.0004982   3.114e-05  AOI22_X1
Execution_unit_SecondMultiplier_FIR_mult_17_U117   5.13e-05   0.0004301    0.000495   1.356e-05  INV_X1
Execution_unit_FourthMultiplier_FIR_mult_17_U118  6.761e-05   0.0004137   0.0004938   1.249e-05  INV_X1
Execution_unit_ThirdMultiplier_FIR_mult_17_U41  0.0002876   0.0001589   0.0004923   4.582e-05  HA_X1
Execution_unit_LoadedOutput_U23  0.0002536   0.0002173   0.0004905   1.965e-05  NAND2_X1
Execution_unit_FourthMultiplier_FIR_mult_17_U37  0.0002304   0.0002033   0.0004851   5.146e-05  FA_X1
Execution_unit_SecondMultiplier_FIR_mult_17_U149  0.0002748   0.0001771   0.0004835   3.158e-05  AOI222_X1
Execution_unit_FirstMultiplier_FIR_mult_17_U146   0.000237   0.0001861   0.0004834   6.026e-05  OAI222_X1
Execution_unit_FourthMultiplier_FIR_mult_17_U6  0.0003194   0.0001052   0.0004816     5.7e-05  FA_X1
Execution_unit_ThirdMultiplier_FIR_mult_17_U116  6.196e-05   0.0004035   0.0004784   1.295e-05  INV_X1
Execution_unit_FourthMultiplier_FIR_mult_17_U40  0.0002586   0.0001657   0.0004779   5.356e-05  FA_X1
Execution_unit_FirstMultiplier_FIR_mult_17_U26  0.0002609    0.000143    0.000477   7.312e-05  FA_X1
Execution_unit_FourthMultiplier_FIR_mult_17_U24    0.00023   0.0001931   0.0004746   5.146e-05  FA_X1
Execution_unit_LoadedOutput_U3  0.0002408   0.0002123   0.0004728   1.966e-05  NAND2_X1
Execution_unit_Pipe0_FIR_U13   0.0002564      0.0002   0.0004715   1.515e-05  INV_X1
Execution_unit_ThirdMultiplier_FIR_mult_17_U14  0.0002178   0.0001509   0.0004699   0.0001012  FA_X1
Execution_unit_SecondMultiplier_FIR_mult_17_U113  5.142e-05   0.0004036   0.0004685   1.356e-05  INV_X1
Execution_unit_FirstMultiplier_FIR_mult_17_U27  0.0002511   0.0001428   0.0004655   7.163e-05  FA_X1
Execution_unit_FirstMultiplier_FIR_mult_17_U18  0.0002605   0.0001294   0.0004638   7.389e-05  FA_X1
Execution_unit_SecondMultiplier_FIR_mult_17_U116  5.141e-05   0.0003979   0.0004629   1.356e-05  INV_X1
Execution_unit_Pipe3_FIR_U7    0.0002393   0.0002063   0.0004608   1.518e-05  INV_X1
Execution_unit_ThirdMultiplier_FIR_mult_17_U38  0.0002828   0.0001221   0.0004607    5.58e-05  HA_X1
Execution_unit_ThirdMultiplier_FIR_mult_17_U117  6.204e-05   0.0003825   0.0004575   1.295e-05  INV_X1
Execution_unit_FourthMultiplier_FIR_mult_17_U30  0.0002283    0.000175   0.0004548   5.146e-05  FA_X1
Execution_unit_FourthMultiplier_FIR_mult_17_U15  0.0002284   0.0001673   0.0004524   5.668e-05  FA_X1
Execution_unit_FirstMultiplier_FIR_mult_17_U39  0.0002582    0.000129   0.0004518   6.461e-05  FA_X1
Execution_unit_SW0_IIR_U9      0.0002386   0.0001968   0.0004506   1.516e-05  INV_X1
Execution_unit_SecondMultiplier_IIR_mult_17_U149  0.0001977   0.0002244   0.0004502   2.806e-05  AOI222_X1
Execution_unit_FourthMultiplier_FIR_mult_17_U31  0.0002285    0.000169    0.000449   5.146e-05  FA_X1
Execution_unit_Pipe3_FIR_U5    0.0002383   0.0001923   0.0004458   1.521e-05  INV_X1
Execution_unit_FourthMultiplier_FIR_mult_17_U43   0.000308   8.121e-05   0.0004435   5.433e-05  HA_X1
Execution_unit_Pipe0_FIR_U11   0.0002367   0.0001896   0.0004415   1.515e-05  INV_X1
Execution_unit_SW0_IIR_U7      0.0002381    0.000188   0.0004413   1.517e-05  INV_X1
Execution_unit_ThirdMultiplier_FIR_mult_17_U118  6.202e-05   0.0003634   0.0004384   1.295e-05  INV_X1
Execution_unit_FirstMultiplier_FIR_mult_17_U147  0.0002183    0.000172   0.0004365   4.622e-05  AOI222_X1
Execution_unit_ThirdMultiplier_FIR_mult_17_U23  0.0002158   0.0001593   0.0004311   5.598e-05  FA_X1
Execution_unit_FirstMultiplier_FIR_mult_17_U43  0.0002231   0.0001387    0.000423   6.123e-05  HA_X1
Execution_unit_FourthMultiplier_FIR_mult_17_U33   0.000235   0.0001272   0.0004169    5.47e-05  FA_X1
Execution_unit_Pipe0_FIR_U7    0.0002243   0.0001767   0.0004162   1.515e-05  INV_X1
Execution_unit_ThirdMultiplier_FIR_mult_17_U43  0.0002816   7.346e-05   0.0004109    5.58e-05  HA_X1
Execution_unit_ThirdSUM_FIR_add_15_U2  0.0002289   0.0001567   0.0004107   2.516e-05  AND2_X1
Execution_unit_Pipe1_FIR_U13   0.0002058   0.0001863   0.0004073   1.515e-05  INV_X1
FE_RC_37_0                     5.182e-05   0.0003399   0.0004053   1.356e-05  INV_X1
Execution_unit_SecondMultiplier_FIR_mult_17_U14  0.0001805   0.0001197    0.000401   0.0001009  FA_X1
Execution_unit_SW1_IIR_U4      5.787e-05   0.0003212   0.0003988   1.973e-05  NOR2_X1
Execution_unit_SecondMultiplier_FIR_mult_17_U114   5.15e-05    0.000333    0.000398   1.356e-05  INV_X1
Execution_unit_FourthMultiplier_FIR_mult_17_U8  0.0002558   8.778e-05   0.0003972   5.356e-05  FA_X1
Execution_unit_Pipe1_FIR_U15    0.000213   0.0001677   0.0003958   1.512e-05  INV_X1
Execution_unit_FourthMultiplier_FIR_mult_17_U35  0.0002556   8.317e-05   0.0003923   5.356e-05  FA_X1
Execution_unit_SW2_IIR_U4      5.788e-05   0.0003142   0.0003919   1.973e-05  NOR2_X1
Execution_unit_SW0_IIR_U4      5.792e-05   0.0003119   0.0003895   1.973e-05  NOR2_X1
Execution_unit_SecondMultiplier_FIR_mult_17_U38  0.0002348   9.678e-05   0.0003893   5.773e-05  HA_X1
Execution_unit_SW0_FIR_U4      5.799e-05   0.0003114   0.0003891   1.973e-05  NOR2_X1
Execution_unit_FourthMultiplier_FIR_mult_17_U7  0.0002554   8.003e-05    0.000389   5.356e-05  FA_X1
Execution_unit_Pipe0_FIR_U4    5.796e-05   0.0003097   0.0003873   1.973e-05  NOR2_X1
Execution_unit_SW2_FIR_U4      5.778e-05   0.0003077   0.0003852   1.973e-05  NOR2_X1
Execution_unit_Pipe3_FIR_U4    5.792e-05   0.0003061   0.0003837   1.973e-05  NOR2_X1
Execution_unit_SecondMultiplier_FIR_mult_17_U115   5.15e-05   0.0003164   0.0003815   1.356e-05  INV_X1
Execution_unit_Pipe1_FIR_U4    5.794e-05   0.0003038   0.0003814   1.973e-05  NOR2_X1
Execution_unit_SW1_FIR_U4       5.81e-05   0.0003013   0.0003792   1.973e-05  NOR2_X1
Execution_unit_Pipe2_FIR_U4      5.8e-05   0.0002985   0.0003763   1.973e-05  NOR2_X1
Execution_unit_FourthMultiplier_FIR_mult_17_U125  0.0002099   0.0001256   0.0003738    3.83e-05  XOR2_X1
Execution_unit_Pipe2_FIR_U12   0.0001968   0.0001375    0.000365   3.074e-05  AOI22_X1
FE_RC_39_0                     6.225e-05   0.0002887    0.000364   1.295e-05  INV_X1
Execution_unit_SecondMultiplier_FIR_mult_17_U158  0.0002171   0.0001173   0.0003639   2.943e-05  XNOR2_X1
Execution_unit_Pipe2_FIR_U14   0.0001987   0.0001291   0.0003589   3.114e-05  AOI22_X1
Execution_unit_Pipe2_FIR_U18   0.0001984   0.0001269   0.0003561   3.079e-05  AOI22_X1
Execution_unit_Pipe2_FIR_U16    0.000197   0.0001274   0.0003552   3.079e-05  AOI22_X1
Execution_unit_FirstMultiplier_FIR_mult_17_U148  0.0001649   0.0001276    0.000344   5.151e-05  OAI222_X1
Execution_unit_FirstMultiplier_IIR_mult_17_U110   0.000101   0.0002301   0.0003419   1.078e-05  INV_X1
Execution_unit_SW2_FIR_U3      4.148e-05   0.0002798   0.0003414   2.012e-05  NOR2_X1
Execution_unit_SW1_IIR_U3      4.148e-05   0.0002798   0.0003414   2.012e-05  NOR2_X1
Execution_unit_SW0_FIR_U3      4.148e-05   0.0002797   0.0003413   2.012e-05  NOR2_X1
Execution_unit_Pipe0_FIR_U3    4.151e-05   0.0002769   0.0003386   2.012e-05  NOR2_X1
Execution_unit_SW0_IIR_U3      4.151e-05   0.0002767   0.0003383   2.012e-05  NOR2_X1
Execution_unit_SW1_FIR_U3      4.152e-05   0.0002765   0.0003381   2.012e-05  NOR2_X1
Execution_unit_Pipe1_FIR_U9    0.0001853   0.0001375    0.000338   1.514e-05  INV_X1
Execution_unit_SW2_IIR_U3      4.153e-05   0.0002755   0.0003371   2.012e-05  NOR2_X1
Execution_unit_Pipe3_FIR_U3    4.156e-05    0.000272   0.0003336   2.012e-05  NOR2_X1
Execution_unit_Pipe1_FIR_U3    4.157e-05   0.0002704   0.0003321   2.012e-05  NOR2_X1
Execution_unit_Pipe2_FIR_U3    4.161e-05   0.0002668   0.0003285   2.012e-05  NOR2_X1
Execution_unit_ThirdMultiplier_FIR_mult_17_U111  9.696e-05   0.0002143   0.0003256   1.433e-05  INV_X1
Execution_unit_Pipe1_FIR_U11   0.0001734   0.0001359   0.0003244   1.516e-05  INV_X1
Execution_unit_Pipe2_FIR_U10   0.0001689   0.0001245   0.0003238    3.05e-05  AOI22_X1
Execution_unit_FirstMultiplier_FIR_mult_17_U114   3.36e-05   0.0002679   0.0003159   1.435e-05  INV_X1
Execution_unit_Pipe1_FIR_U7    0.0001645   0.0001344    0.000314   1.515e-05  INV_X1
Execution_unit_Pipe1_FIR_U17   0.0001627   0.0001353   0.0003132   1.514e-05  INV_X1
Execution_unit_FirstMultiplier_FIR_mult_17_U41  0.0001547   9.506e-05     0.00031   6.027e-05  HA_X1
Execution_unit_FirstMultiplier_FIR_mult_17_U115  3.359e-05   0.0002553   0.0003033   1.435e-05  INV_X1
Execution_unit_FirstMultiplier_FIR_mult_17_U116  3.357e-05   0.0002526   0.0003006   1.435e-05  INV_X1
Execution_unit_Pipe1_FIR_U5    0.0001614   0.0001224   0.0002989   1.515e-05  INV_X1
Execution_unit_FirstMultiplier_FIR_mult_17_U44  0.0001544   8.046e-05   0.0002951   6.027e-05  HA_X1
Execution_unit_FirstMultiplier_FIR_mult_17_U34  0.0001565    8.36e-05   0.0002855   4.537e-05  HA_X1
Execution_unit_FourthMultiplier_FIR_mult_17_U150  0.0001157   0.0001517   0.0002849   1.742e-05  NOR2_X1
Execution_unit_FourthMultiplier_FIR_mult_17_U174  8.218e-05   0.0001831   0.0002844   1.911e-05  NOR2_X1
Execution_unit_FourthMultiplier_FIR_mult_17_U177  8.254e-05   0.0001775   0.0002791   1.911e-05  NOR2_X1
Execution_unit_ThirdMultiplier_FIR_mult_17_U112   7.75e-05   0.0001855    0.000277     1.4e-05  INV_X1
Execution_unit_SecondMultiplier_FIR_mult_17_U111  8.046e-05     0.00018   0.0002748   1.435e-05  INV_X1
Execution_unit_FirstMultiplier_FIR_mult_17_U117  3.373e-05   0.0002265   0.0002746   1.435e-05  INV_X1
Execution_unit_ThirdMultiplier_FIR_mult_17_U137   0.000106   0.0001507   0.0002743   1.763e-05  NOR2_X1
Execution_unit_ThirdMultiplier_FIR_mult_17_U139  9.976e-05   0.0001572   0.0002722   1.519e-05  NAND2_X1
Execution_unit_FirstMultiplier_FIR_mult_17_U113   3.36e-05   0.0002238   0.0002718   1.435e-05  INV_X1
Execution_unit_ThirdMultiplier_FIR_mult_17_U178  9.974e-05   0.0001511    0.000266   1.519e-05  NAND2_X1
Execution_unit_ThirdMultiplier_FIR_mult_17_U174  7.506e-05   0.0001715   0.0002657   1.919e-05  NOR2_X1
Execution_unit_ThirdMultiplier_FIR_mult_17_U133  0.0001054   0.0001386   0.0002616   1.763e-05  NOR2_X1
Execution_unit_FourthMultiplier_FIR_mult_17_U176  8.211e-05   0.0001594   0.0002606   1.911e-05  NOR2_X1
Execution_unit_FourthMultiplier_FIR_mult_17_U173  8.245e-05   0.0001586   0.0002602   1.911e-05  NOR2_X1
Execution_unit_FirstMultiplier_FIR_mult_17_U118  3.362e-05   0.0002105   0.0002584   1.435e-05  INV_X1
Execution_unit_FirstMultiplier_FIR_mult_17_U23  0.0001142   8.983e-05   0.0002581   5.407e-05  FA_X1
Execution_unit_FirstMultiplier_FIR_mult_17_U19  0.0001146   8.762e-05   0.0002562   5.407e-05  FA_X1
Execution_unit_FirstMultiplier_FIR_mult_17_U15  0.0001139   8.483e-05   0.0002557   5.705e-05  FA_X1
Execution_unit_ThirdMultiplier_FIR_mult_17_U177  7.534e-05    0.000161   0.0002555   1.919e-05  NOR2_X1
Execution_unit_ThirdMultiplier_FIR_mult_17_U150  0.0001054   0.0001325   0.0002555   1.763e-05  NOR2_X1
Execution_unit_ThirdMultiplier_FIR_mult_17_U168  7.504e-05   0.0001579   0.0002522   1.919e-05  NOR2_X1
Execution_unit_ThirdMultiplier_FIR_mult_17_U170  7.512e-05   0.0001577    0.000252   1.919e-05  NOR2_X1
Execution_unit_SW2_FIR_U8      0.0001294   9.317e-05   0.0002515   2.889e-05  AOI22_X1
Execution_unit_SecondMultiplier_FIR_mult_17_U110  7.289e-05   0.0001666   0.0002513    1.18e-05  INV_X1
Execution_unit_Pipe2_FIR_U8    0.0001305    9.14e-05   0.0002502   2.825e-05  AOI22_X1
Execution_unit_ThirdMultiplier_FIR_mult_17_U136  7.536e-05   0.0001554   0.0002499   1.919e-05  NOR2_X1
Execution_unit_ThirdMultiplier_FIR_mult_17_U176  7.512e-05   0.0001544   0.0002487   1.919e-05  NOR2_X1
Execution_unit_SW2_FIR_U12     0.0001292   8.898e-05    0.000247   2.889e-05  AOI22_X1
Execution_unit_ThirdMultiplier_FIR_mult_17_U163  7.536e-05   0.0001514    0.000246   1.919e-05  NOR2_X1
Execution_unit_ThirdMultiplier_FIR_mult_17_U165  7.536e-05     0.00015   0.0002445   1.919e-05  NOR2_X1
Execution_unit_ThirdMultiplier_FIR_mult_17_U138  7.536e-05     0.00015   0.0002445   1.919e-05  NOR2_X1
Execution_unit_SecondMultiplier_FIR_mult_17_U151  0.0001213   9.751e-05   0.0002437   2.489e-05  NOR4_X1
Execution_unit_ThirdMultiplier_FIR_mult_17_U151  0.0001203    9.83e-05   0.0002434   2.481e-05  NOR4_X1
Execution_unit_ThirdMultiplier_FIR_mult_17_U173  7.541e-05   0.0001474    0.000242   1.919e-05  NOR2_X1
Execution_unit_FirstMultiplier_FIR_mult_17_U33   0.000117   6.516e-05    0.000242   5.985e-05  FA_X1
Execution_unit_SW2_FIR_U14     0.0001289   8.382e-05   0.0002416   2.889e-05  AOI22_X1
Execution_unit_Pipe2_FIR_U6    0.0001304   8.294e-05   0.0002416   2.825e-05  AOI22_X1
Execution_unit_SW2_FIR_U10     0.0001292   8.229e-05   0.0002404   2.889e-05  AOI22_X1
Execution_unit_ThirdMultiplier_FIR_mult_17_U162  7.502e-05   0.0001459   0.0002401   1.919e-05  NOR2_X1
Execution_unit_SW2_FIR_U16     0.0001289   8.231e-05   0.0002401   2.889e-05  AOI22_X1
FE_RC_33_0                      6.84e-05    0.000159   0.0002399   1.249e-05  INV_X1
Execution_unit_SW2_FIR_U18     0.0001303    8.01e-05   0.0002393   2.889e-05  AOI22_X1
Execution_unit_FourthMultiplier_FIR_mult_17_U111  6.737e-05   0.0001587   0.0002385   1.249e-05  INV_X1
Execution_unit_ThirdMultiplier_FIR_mult_17_U164  7.511e-05   0.0001437    0.000238   1.919e-05  NOR2_X1
Execution_unit_SecondMultiplier_FIR_mult_17_U129    8.8e-05   0.0001316   0.0002375    1.79e-05  NOR2_X1
Execution_unit_ThirdMultiplier_FIR_mult_17_U135  7.501e-05   0.0001432   0.0002374   1.919e-05  NOR2_X1
Execution_unit_ThirdMultiplier_FIR_mult_17_U134  7.543e-05   0.0001416   0.0002362   1.919e-05  NOR2_X1
Execution_unit_SW2_FIR_U6      0.0001289    7.76e-05   0.0002354   2.889e-05  AOI22_X1
Execution_unit_SW1_FIR_U6      0.0001242   7.867e-05   0.0002327   2.979e-05  AOI22_X1
Execution_unit_FourthMultiplier_FIR_mult_17_U110  6.783e-05   0.0001518   0.0002321   1.249e-05  INV_X1
Execution_unit_SecondMultiplier_FIR_mult_17_U139  8.317e-05   0.0001299   0.0002306   1.755e-05  NAND2_X1
Execution_unit_SW1_FIR_U14     0.0001223   7.826e-05   0.0002304   2.979e-05  AOI22_X1
Execution_unit_SecondMultiplier_FIR_mult_17_U112  6.434e-05   0.0001502   0.0002288   1.425e-05  INV_X1
Execution_unit_ThirdMultiplier_FIR_mult_17_U167  7.544e-05    0.000134   0.0002286   1.919e-05  NOR2_X1
Execution_unit_FourthMultiplier_FIR_mult_17_U175  8.266e-05   0.0001264   0.0002282   1.911e-05  NOR2_X1
Execution_unit_SecondMultiplier_FIR_mult_17_U137  9.073e-05   0.0001194   0.0002281    1.79e-05  NOR2_X1
Execution_unit_SW1_FIR_U18     0.0001222   7.593e-05   0.0002279   2.979e-05  AOI22_X1
Execution_unit_FirstMultiplier_FIR_mult_17_U149  0.0001224   7.898e-05    0.000227   2.562e-05  AOI222_X1
Execution_unit_SW1_FIR_U16     0.0001222   7.493e-05   0.0002269   2.979e-05  AOI22_X1
Execution_unit_SW1_FIR_U12     0.0001224    7.35e-05   0.0002257   2.979e-05  AOI22_X1
Execution_unit_SecondMultiplier_FIR_mult_17_U128  8.902e-05   0.0001182   0.0002251    1.79e-05  NOR2_X1
Execution_unit_SecondMultiplier_FIR_mult_17_U179  8.777e-05   0.0001192   0.0002249    1.79e-05  NOR2_X1
Execution_unit_SW1_FIR_U10     0.0001224   7.205e-05   0.0002242   2.979e-05  AOI22_X1
Execution_unit_SW1_FIR_U8      0.0001224   7.183e-05    0.000224   2.979e-05  AOI22_X1
Execution_unit_SecondMultiplier_FIR_mult_17_U166  8.318e-05   0.0001225   0.0002232   1.755e-05  NAND2_X1
Execution_unit_SecondMultiplier_FIR_mult_17_U150  8.776e-05   0.0001172   0.0002229    1.79e-05  NOR2_X1
Execution_unit_SecondMultiplier_FIR_mult_17_U131  8.949e-05    0.000113   0.0002204    1.79e-05  NOR2_X1
Execution_unit_SecondMultiplier_FIR_mult_17_U109  6.426e-05   0.0001415     0.00022    1.42e-05  INV_X1
Execution_unit_SecondMultiplier_FIR_mult_17_U133  8.774e-05   0.0001137   0.0002194    1.79e-05  NOR2_X1
Execution_unit_ThirdMultiplier_FIR_mult_17_U171  7.542e-05   0.0001243   0.0002189   1.919e-05  NOR2_X1
Execution_unit_FirstMultiplier_FIR_mult_17_U42  0.0001164   4.137e-05   0.0002176   5.985e-05  FA_X1
Execution_unit_Pipe2_FIR_U13   0.0001122   8.987e-05   0.0002172   1.514e-05  INV_X1
Execution_unit_Pipe2_FIR_U17   0.0001116   9.027e-05   0.0002171   1.528e-05  INV_X1
Execution_unit_SecondMultiplier_FIR_mult_17_U168   6.24e-05   0.0001352   0.0002169    1.93e-05  NOR2_X1
Execution_unit_SecondMultiplier_FIR_mult_17_U130  8.892e-05   0.0001094   0.0002163    1.79e-05  NOR2_X1
Execution_unit_ThirdMultiplier_FIR_mult_17_U109  6.163e-05   0.0001403   0.0002149   1.295e-05  INV_X1
Execution_unit_ThirdMultiplier_FIR_mult_17_U175  7.546e-05   0.0001189   0.0002135   1.919e-05  NOR2_X1
Execution_unit_Pipe2_FIR_U15   0.0001116   8.612e-05    0.000213   1.528e-05  INV_X1
Execution_unit_Pipe2_FIR_U11   0.0001122   8.475e-05   0.0002122   1.531e-05  INV_X1
Execution_unit_ThirdMultiplier_FIR_mult_17_U169  7.547e-05   0.0001176   0.0002122   1.919e-05  NOR2_X1
Execution_unit_SecondMultiplier_FIR_mult_17_U163  6.266e-05     0.00013    0.000212    1.93e-05  NOR2_X1
Execution_unit_SecondMultiplier_FIR_mult_17_U174  6.239e-05   0.0001291   0.0002108    1.93e-05  NOR2_X1
Execution_unit_SecondMultiplier_FIR_mult_17_U170  6.326e-05   0.0001277   0.0002103    1.93e-05  NOR2_X1
Execution_unit_SecondMultiplier_FIR_mult_17_U176  6.326e-05   0.0001275     0.00021    1.93e-05  NOR2_X1
Execution_unit_SecondMultiplier_FIR_mult_17_U177  6.282e-05   0.0001276   0.0002097    1.93e-05  NOR2_X1
Execution_unit_SecondMultiplier_FIR_mult_17_U164  6.327e-05   0.0001271   0.0002096    1.93e-05  NOR2_X1
Execution_unit_SecondMultiplier_FIR_mult_17_U165  6.283e-05   0.0001259    0.000208    1.93e-05  NOR2_X1
Execution_unit_SecondMultiplier_FIR_mult_17_U162  6.239e-05   0.0001251   0.0002068    1.93e-05  NOR2_X1
Execution_unit_SW0_FIR_U18     0.0001085   6.636e-05    0.000206   3.111e-05  AOI22_X1
Execution_unit_SecondMultiplier_FIR_mult_17_U134  6.272e-05   0.0001238   0.0002058    1.93e-05  NOR2_X1
Execution_unit_SW0_FIR_U6       0.000109   6.414e-05   0.0002043   3.111e-05  AOI22_X1
Execution_unit_SW0_FIR_U16     0.0001086   6.401e-05   0.0002037   3.111e-05  AOI22_X1
Execution_unit_SecondMultiplier_FIR_mult_17_U135  6.239e-05   0.0001212   0.0002029    1.93e-05  NOR2_X1
Execution_unit_SecondMultiplier_FIR_mult_17_U173  6.273e-05   0.0001208   0.0002029    1.93e-05  NOR2_X1
Execution_unit_SecondMultiplier_FIR_mult_17_U136  6.269e-05   0.0001207   0.0002027    1.93e-05  NOR2_X1
Execution_unit_SW0_FIR_U12     0.0001086   6.296e-05   0.0002026   3.111e-05  AOI22_X1
Execution_unit_SecondMultiplier_FIR_mult_17_U138  6.286e-05   0.0001205   0.0002026    1.93e-05  NOR2_X1
Execution_unit_SW0_FIR_U8      0.0001086   6.274e-05   0.0002024   3.111e-05  AOI22_X1
Execution_unit_SW0_FIR_U10     0.0001086   6.199e-05   0.0002016   3.111e-05  AOI22_X1
Execution_unit_SW0_FIR_U14     0.0001085   6.159e-05   0.0002012   3.111e-05  AOI22_X1
Execution_unit_SecondMultiplier_FIR_mult_17_U159  6.889e-05   9.899e-05      0.0002   3.216e-05  NAND2_X1
Execution_unit_SecondMultiplier_FIR_mult_17_U167  6.276e-05   0.0001131   0.0001952    1.93e-05  NOR2_X1
CU_U8                          0.0001134   3.358e-05   0.0001893   4.231e-05  OAI221_X1
Execution_unit_FirstMultiplier_FIR_mult_17_U112  5.277e-05   0.0001183   0.0001854   1.435e-05  INV_X1
Execution_unit_Pipe2_FIR_U9     9.51e-05    7.36e-05   0.0001841   1.541e-05  INV_X1
Execution_unit_SecondMultiplier_FIR_mult_17_U169  6.278e-05   9.991e-05    0.000182    1.93e-05  NOR2_X1
Execution_unit_FirstMultiplier_FIR_mult_17_U161  4.249e-05   0.0001078   0.0001813     3.1e-05  NAND2_X1
Execution_unit_SecondMultiplier_FIR_mult_17_U171  6.302e-05   9.767e-05     0.00018    1.93e-05  NOR2_X1
Execution_unit_SecondMultiplier_FIR_mult_17_U175   6.28e-05   9.641e-05   0.0001785    1.93e-05  NOR2_X1
CU_U6                          4.382e-05   0.0001108   0.0001722   1.758e-05  NAND2_X1
Execution_unit_FirstMultiplier_FIR_mult_17_U129  5.787e-05   8.379e-05   0.0001599   1.827e-05  NOR2_X1
Execution_unit_FirstMultiplier_FIR_mult_17_U178  5.413e-05   8.126e-05    0.000156   2.065e-05  NAND2_X1
Execution_unit_FirstMultiplier_FIR_mult_17_U128  5.826e-05   7.644e-05    0.000153   1.827e-05  NOR2_X1
CU_U5                          8.463e-05   5.225e-05   0.0001519   1.507e-05  INV_X1
Execution_unit_Pipe2_FIR_U7    7.549e-05   5.956e-05   0.0001516   1.657e-05  INV_X1
Execution_unit_SW2_FIR_U9      7.215e-05   6.305e-05   0.0001514   1.622e-05  INV_X1
Execution_unit_Pipe2_FIR_U5    7.507e-05   5.958e-05   0.0001512   1.657e-05  INV_X1
Execution_unit_FirstMultiplier_FIR_mult_17_U109  4.211e-05    9.43e-05   0.0001508   1.435e-05  INV_X1
Execution_unit_FirstMultiplier_FIR_mult_17_U179  5.769e-05   7.418e-05   0.0001501   1.827e-05  NOR2_X1
Execution_unit_FirstMultiplier_FIR_mult_17_U150  5.768e-05   7.319e-05   0.0001491   1.827e-05  NOR2_X1
Execution_unit_FirstMultiplier_FIR_mult_17_U174   4.09e-05   8.873e-05   0.0001491   1.944e-05  NOR2_X1
Execution_unit_FirstMultiplier_FIR_mult_17_U130  5.847e-05   7.205e-05   0.0001488   1.827e-05  NOR2_X1
CU_U9                          8.148e-05   3.583e-05   0.0001484   3.109e-05  OAI21_X1
Execution_unit_SW2_FIR_U7      7.267e-05   5.914e-05    0.000148   1.622e-05  INV_X1
Execution_unit_SW2_FIR_U13     7.229e-05   5.772e-05   0.0001462   1.622e-05  INV_X1
Execution_unit_SW2_FIR_U11     7.253e-05   5.734e-05   0.0001461   1.622e-05  INV_X1
CU_U10                         7.275e-05   3.295e-05   0.0001455    3.98e-05  NAND3_X1
Execution_unit_FirstMultiplier_FIR_mult_17_U177  4.103e-05   8.489e-05   0.0001454   1.944e-05  NOR2_X1
Execution_unit_SW2_FIR_U5      7.201e-05   5.652e-05   0.0001447   1.622e-05  INV_X1
Execution_unit_SW2_FIR_U17     7.214e-05   5.629e-05   0.0001447   1.622e-05  INV_X1
Execution_unit_FirstMultiplier_FIR_mult_17_U165  4.103e-05   8.388e-05   0.0001444   1.944e-05  NOR2_X1
Execution_unit_SW2_FIR_U15     7.222e-05   5.483e-05   0.0001433   1.622e-05  INV_X1
CU_U7                          8.518e-05   3.368e-05   0.0001432   2.435e-05  OR3_X1
Execution_unit_FirstMultiplier_FIR_mult_17_U163   4.11e-05    8.14e-05   0.0001419   1.944e-05  NOR2_X1
Execution_unit_FirstMultiplier_FIR_mult_17_U176  4.092e-05   8.141e-05   0.0001418   1.944e-05  NOR2_X1
Execution_unit_FirstMultiplier_FIR_mult_17_U131  5.835e-05   6.445e-05   0.0001411   1.827e-05  NOR2_X1
Execution_unit_FirstMultiplier_FIR_mult_17_U173  4.103e-05   7.916e-05   0.0001396   1.944e-05  NOR2_X1
Execution_unit_FirstMultiplier_FIR_mult_17_U159  4.194e-05   6.595e-05   0.0001389     3.1e-05  NAND2_X1
Execution_unit_FirstMultiplier_FIR_mult_17_U164  4.092e-05   7.822e-05   0.0001386   1.944e-05  NOR2_X1
Execution_unit_FirstMultiplier_FIR_mult_17_U162  4.089e-05   7.773e-05   0.0001381   1.944e-05  NOR2_X1
Execution_unit_FirstMultiplier_FIR_mult_17_U132  5.394e-05   6.342e-05    0.000138   2.065e-05  NAND2_X1
Execution_unit_SW1_FIR_U11      6.61e-05   5.476e-05   0.0001366   1.575e-05  INV_X1
Execution_unit_SW1_FIR_U13     6.632e-05   5.343e-05   0.0001355   1.575e-05  INV_X1
Execution_unit_SW1_FIR_U9      6.606e-05   5.218e-05    0.000134   1.575e-05  INV_X1
Execution_unit_SW1_FIR_U7      6.607e-05   5.114e-05    0.000133   1.575e-05  INV_X1
Execution_unit_SW1_FIR_U17     6.625e-05   5.083e-05   0.0001328   1.575e-05  INV_X1
Execution_unit_SW1_FIR_U5      6.638e-05   5.023e-05   0.0001324   1.575e-05  INV_X1
Execution_unit_SW1_FIR_U15     6.622e-05   5.035e-05   0.0001323   1.575e-05  INV_X1
FE_RC_11_0                     3.371e-05   7.947e-05   0.0001275   1.435e-05  INV_X1
Execution_unit_FirstMultiplier_FIR_mult_17_U110  3.375e-05   7.726e-05   0.0001254   1.435e-05  INV_X1
Execution_unit_FirstMultiplier_FIR_mult_17_U175  4.119e-05   6.389e-05   0.0001245   1.944e-05  NOR2_X1
Execution_unit_SW0_FIR_U7      5.496e-05   5.088e-05    0.000121   1.515e-05  INV_X1
Execution_unit_SW0_FIR_U13     5.496e-05    4.86e-05   0.0001187   1.515e-05  INV_X1
Execution_unit_SW0_FIR_U9      5.501e-05   4.499e-05   0.0001151   1.515e-05  INV_X1
Execution_unit_SW0_FIR_U5      5.512e-05   4.356e-05   0.0001138   1.515e-05  INV_X1
Execution_unit_SW0_FIR_U15     5.511e-05   4.216e-05   0.0001124   1.515e-05  INV_X1
Execution_unit_SW0_FIR_U17     5.524e-05   4.168e-05   0.0001121   1.515e-05  INV_X1
Execution_unit_ThirdMultiplier_FIR_mult_17_U110  3.165e-05   6.968e-05   0.0001119   1.057e-05  INV_X1
Execution_unit_SW0_FIR_U11     5.507e-05   4.077e-05    0.000111   1.515e-05  INV_X1
CU_U13                          3.89e-05   4.982e-05   0.0001054   1.667e-05  NAND3_X1
Execution_unit_FourthMultiplier_FIR_mult_17_U14          0           0   0.0001026   0.0001026  FA_X1
Execution_unit_FirstMultiplier_FIR_mult_17_U14          0           0   0.0001026   0.0001026  FA_X1
Execution_unit_LoadedOutput_U18   3.72e-05   2.011e-05   0.0001002   4.287e-05  OAI21_X1
CU_U11                         5.059e-05    3.08e-05   9.899e-05    1.76e-05  NAND3_X1
Execution_unit_LoadedOutput_U20  3.718e-05   1.852e-05   9.858e-05   4.287e-05  OAI21_X1
Execution_unit_LoadedOutput_U14  3.718e-05   1.849e-05   9.854e-05   4.287e-05  OAI21_X1
Execution_unit_FourthMultiplier_FIR_mult_17_U32          0           0    9.84e-05    9.84e-05  FA_X1
Execution_unit_LoadedOutput_U16  3.717e-05   1.677e-05   9.681e-05   4.287e-05  OAI21_X1
Execution_unit_FirstMultiplier_FIR_mult_17_U111  2.517e-05   5.826e-05    9.46e-05   1.116e-05  INV_X1
Execution_unit_FirstMultiplier_FIR_mult_17_U16          0           0   8.323e-05   8.323e-05  FA_X1
Execution_unit_FourthMultiplier_FIR_mult_17_U16          0           0   8.323e-05   8.323e-05  FA_X1
Execution_unit_FourthMultiplier_FIR_mult_17_U146          0           0   8.262e-05   8.262e-05  OAI222_X1
Execution_unit_FourthMultiplier_FIR_mult_17_U148          0           0   8.261e-05   8.261e-05  OAI222_X1
Execution_unit_FirstMultiplier_IIR_mult_17_U148          0           0   7.821e-05   7.821e-05  OAI222_X1
Execution_unit_ThirdMultiplier_FIR_mult_17_U26          0           0   7.466e-05   7.466e-05  FA_X1
Execution_unit_FourthMultiplier_FIR_mult_17_U26          0           0   7.466e-05   7.466e-05  FA_X1
Execution_unit_FourthMultiplier_FIR_mult_17_U19          0           0   6.003e-05   6.003e-05  FA_X1
Execution_unit_FourthMultiplier_FIR_mult_17_U151          0           0   5.068e-05   5.068e-05  NOR4_X1
Execution_unit_FirstMultiplier_FIR_mult_17_U36          0           0   4.811e-05   4.811e-05  FA_X1
Execution_unit_FourthMultiplier_FIR_mult_17_U23          0           0   4.811e-05   4.811e-05  FA_X1
Execution_unit_FourthMultiplier_FIR_mult_17_U36          0           0   4.811e-05   4.811e-05  FA_X1
Execution_unit_FourthMultiplier_FIR_mult_17_U39          0           0   4.811e-05   4.811e-05  FA_X1
Execution_unit_FirstMultiplier_IIR_mult_17_U42          0           0   4.811e-05   4.811e-05  FA_X1
Execution_unit_FourthMultiplier_FIR_mult_17_U42          0           0   4.811e-05   4.811e-05  FA_X1
Execution_unit_FirstMultiplier_IIR_mult_17_U151          0           0   4.706e-05   4.706e-05  NOR4_X1
Execution_unit_FourthMultiplier_FIR_mult_17_U34          0           0   4.672e-05   4.672e-05  HA_X1
Execution_unit_FourthMultiplier_FIR_mult_17_U38          0           0   4.672e-05   4.672e-05  HA_X1
Execution_unit_FourthMultiplier_FIR_mult_17_U41          0           0   4.672e-05   4.672e-05  HA_X1
Execution_unit_FirstMultiplier_FIR_mult_17_U38          0           0   4.672e-05   4.672e-05  HA_X1
Execution_unit_FourthMultiplier_FIR_mult_17_U44          0           0   4.672e-05   4.672e-05  HA_X1
Execution_unit_FirstMultiplier_IIR_mult_17_U44          0           0   4.672e-05   4.672e-05  HA_X1
Execution_unit_FourthMultiplier_FIR_mult_17_U159          0           0   3.721e-05   3.721e-05  NAND2_X1
Execution_unit_ThirdMultiplier_FIR_mult_17_U159          0           0   3.721e-05   3.721e-05  NAND2_X1
Execution_unit_FirstMultiplier_FIR_mult_17_U151          0           0   3.058e-05   3.058e-05  NOR4_X1
Execution_unit_FourthMultiplier_FIR_mult_17_U179          0           0   2.652e-05   2.652e-05  NOR2_X1
Execution_unit_FourthMultiplier_FIR_mult_17_U137          0           0   2.652e-05   2.652e-05  NOR2_X1
Execution_unit_FourthMultiplier_FIR_mult_17_U133          0           0   2.652e-05   2.652e-05  NOR2_X1
Execution_unit_FourthMultiplier_FIR_mult_17_U128          0           0   2.652e-05   2.652e-05  NOR2_X1
Execution_unit_FourthMultiplier_FIR_mult_17_U130          0           0   2.652e-05   2.652e-05  NOR2_X1
Execution_unit_FourthMultiplier_FIR_mult_17_U131          0           0   2.652e-05   2.652e-05  NOR2_X1
Execution_unit_FourthMultiplier_FIR_mult_17_U129          0           0   2.652e-05   2.652e-05  NOR2_X1
Execution_unit_ThirdMultiplier_FIR_mult_17_U179          0           0   2.593e-05   2.593e-05  NOR2_X1
Execution_unit_ThirdMultiplier_FIR_mult_17_U128          0           0   2.593e-05   2.593e-05  NOR2_X1
Execution_unit_ThirdMultiplier_FIR_mult_17_U129          0           0   2.593e-05   2.593e-05  NOR2_X1
Execution_unit_ThirdMultiplier_FIR_mult_17_U130          0           0   2.593e-05   2.593e-05  NOR2_X1
Execution_unit_ThirdMultiplier_FIR_mult_17_U131          0           0   2.593e-05   2.593e-05  NOR2_X1
Execution_unit_FourthMultiplier_FIR_mult_17_U165          0           0   2.586e-05   2.586e-05  NOR2_X1
Execution_unit_FourthMultiplier_FIR_mult_17_U162          0           0   2.586e-05   2.586e-05  NOR2_X1
Execution_unit_FourthMultiplier_FIR_mult_17_U164          0           0   2.586e-05   2.586e-05  NOR2_X1
Execution_unit_FourthMultiplier_FIR_mult_17_U134          0           0   2.586e-05   2.586e-05  NOR2_X1
Execution_unit_FourthMultiplier_FIR_mult_17_U135          0           0   2.586e-05   2.586e-05  NOR2_X1
Execution_unit_FourthMultiplier_FIR_mult_17_U136          0           0   2.586e-05   2.586e-05  NOR2_X1
Execution_unit_FourthMultiplier_FIR_mult_17_U144          0           0   2.586e-05   2.586e-05  NOR2_X1
Execution_unit_FourthMultiplier_FIR_mult_17_U163          0           0   2.586e-05   2.586e-05  NOR2_X1
Execution_unit_FourthMultiplier_FIR_mult_17_U138          0           0   2.586e-05   2.586e-05  NOR2_X1
Execution_unit_FourthMultiplier_FIR_mult_17_U140          0           0   2.586e-05   2.586e-05  NOR2_X1
Execution_unit_FourthMultiplier_FIR_mult_17_U141          0           0   2.586e-05   2.586e-05  NOR2_X1
Execution_unit_FourthMultiplier_FIR_mult_17_U171          0           0   2.586e-05   2.586e-05  NOR2_X1
Execution_unit_FourthMultiplier_FIR_mult_17_U170          0           0   2.586e-05   2.586e-05  NOR2_X1
Execution_unit_FourthMultiplier_FIR_mult_17_U143          0           0   2.586e-05   2.586e-05  NOR2_X1
Execution_unit_FourthMultiplier_FIR_mult_17_U169          0           0   2.586e-05   2.586e-05  NOR2_X1
Execution_unit_FourthMultiplier_FIR_mult_17_U168          0           0   2.586e-05   2.586e-05  NOR2_X1
Execution_unit_FourthMultiplier_FIR_mult_17_U142          0           0   2.586e-05   2.586e-05  NOR2_X1
Execution_unit_FourthMultiplier_FIR_mult_17_U167          0           0   2.586e-05   2.586e-05  NOR2_X1
Execution_unit_SecondMultiplier_IIR_mult_17_U150          0           0   2.518e-05   2.518e-05  NOR2_X1
Execution_unit_ThirdMultiplier_FIR_mult_17_U144          0           0   2.514e-05   2.514e-05  NOR2_X1
Execution_unit_ThirdMultiplier_FIR_mult_17_U143          0           0   2.514e-05   2.514e-05  NOR2_X1
Execution_unit_ThirdMultiplier_FIR_mult_17_U142          0           0   2.514e-05   2.514e-05  NOR2_X1
Execution_unit_ThirdMultiplier_FIR_mult_17_U141          0           0   2.514e-05   2.514e-05  NOR2_X1
Execution_unit_ThirdMultiplier_FIR_mult_17_U140          0           0   2.514e-05   2.514e-05  NOR2_X1
Execution_unit_FirstMultiplier_IIR_mult_17_U167          0           0   2.421e-05   2.421e-05  NOR2_X1
Execution_unit_SecondMultiplier_IIR_mult_17_U173          0           0   2.421e-05   2.421e-05  NOR2_X1
Execution_unit_FirstMultiplier_IIR_mult_17_U162          0           0    2.42e-05    2.42e-05  NOR2_X1
Execution_unit_FirstMultiplier_IIR_mult_17_U168          0           0    2.42e-05    2.42e-05  NOR2_X1
Execution_unit_SecondMultiplier_IIR_mult_17_U174          0           0    2.42e-05    2.42e-05  NOR2_X1
Execution_unit_FirstMultiplier_IIR_mult_17_U169          0           0    2.42e-05    2.42e-05  NOR2_X1
Execution_unit_SecondMultiplier_IIR_mult_17_U175          0           0    2.42e-05    2.42e-05  NOR2_X1
Execution_unit_FirstMultiplier_IIR_mult_17_U163          0           0    2.42e-05    2.42e-05  NOR2_X1
Execution_unit_FirstMultiplier_IIR_mult_17_U170          0           0    2.42e-05    2.42e-05  NOR2_X1
Execution_unit_SecondMultiplier_IIR_mult_17_U176          0           0    2.42e-05    2.42e-05  NOR2_X1
Execution_unit_FirstMultiplier_IIR_mult_17_U164          0           0    2.42e-05    2.42e-05  NOR2_X1
Execution_unit_SecondMultiplier_IIR_mult_17_U177          0           0    2.42e-05    2.42e-05  NOR2_X1
Execution_unit_FirstMultiplier_IIR_mult_17_U171          0           0    2.42e-05    2.42e-05  NOR2_X1
Execution_unit_FirstMultiplier_IIR_mult_17_U165          0           0    2.42e-05    2.42e-05  NOR2_X1
Execution_unit_SecondMultiplier_FIR_mult_17_U140          0           0    2.42e-05    2.42e-05  NOR2_X1
Execution_unit_SecondMultiplier_FIR_mult_17_U141          0           0    2.42e-05    2.42e-05  NOR2_X1
Execution_unit_SecondMultiplier_FIR_mult_17_U142          0           0    2.42e-05    2.42e-05  NOR2_X1
Execution_unit_SecondMultiplier_FIR_mult_17_U143          0           0    2.42e-05    2.42e-05  NOR2_X1
Execution_unit_SecondMultiplier_FIR_mult_17_U144          0           0    2.42e-05    2.42e-05  NOR2_X1
Execution_unit_FirstMultiplier_FIR_mult_17_U137          0           0   2.413e-05   2.413e-05  NOR2_X1
Execution_unit_FirstMultiplier_FIR_mult_17_U133          0           0   2.413e-05   2.413e-05  NOR2_X1
Execution_unit_FirstMultiplier_FIR_mult_17_U143          0           0   2.296e-05   2.296e-05  NOR2_X1
Execution_unit_FirstMultiplier_FIR_mult_17_U142          0           0   2.296e-05   2.296e-05  NOR2_X1
Execution_unit_FirstMultiplier_FIR_mult_17_U144          0           0   2.296e-05   2.296e-05  NOR2_X1
Execution_unit_FirstMultiplier_FIR_mult_17_U141          0           0   2.296e-05   2.296e-05  NOR2_X1
Execution_unit_FirstMultiplier_FIR_mult_17_U140          0           0   2.296e-05   2.296e-05  NOR2_X1
Execution_unit_FirstMultiplier_FIR_mult_17_U167          0           0   2.296e-05   2.296e-05  NOR2_X1
Execution_unit_FirstMultiplier_FIR_mult_17_U168          0           0   2.296e-05   2.296e-05  NOR2_X1
Execution_unit_FirstMultiplier_FIR_mult_17_U169          0           0   2.296e-05   2.296e-05  NOR2_X1
Execution_unit_FirstMultiplier_FIR_mult_17_U170          0           0   2.296e-05   2.296e-05  NOR2_X1
Execution_unit_FirstMultiplier_FIR_mult_17_U171          0           0   2.296e-05   2.296e-05  NOR2_X1
Execution_unit_FirstMultiplier_FIR_mult_17_U138          0           0   2.296e-05   2.296e-05  NOR2_X1
Execution_unit_FirstMultiplier_FIR_mult_17_U136          0           0   2.296e-05   2.296e-05  NOR2_X1
Execution_unit_FirstMultiplier_FIR_mult_17_U135          0           0   2.296e-05   2.296e-05  NOR2_X1
Execution_unit_FirstMultiplier_FIR_mult_17_U134          0           0   2.296e-05   2.296e-05  NOR2_X1
Execution_unit_ThirdMultiplier_FIR_mult_17_U158          0           0   2.267e-05   2.267e-05  XNOR2_X1
Execution_unit_FourthMultiplier_FIR_mult_17_U158          0           0   2.267e-05   2.267e-05  XNOR2_X1
Execution_unit_SecondMultiplier_FIR_mult_17_U120          0           0    1.86e-05    1.86e-05  INV_X1
Execution_unit_SecondMultiplier_FIR_mult_17_U121          0           0    1.86e-05    1.86e-05  INV_X1
Execution_unit_FirstMultiplier_IIR_mult_17_U119          0           0    1.86e-05    1.86e-05  INV_X1
Execution_unit_FirstMultiplier_FIR_mult_17_U123          0           0    1.86e-05    1.86e-05  INV_X1
Execution_unit_SecondMultiplier_FIR_mult_17_U119          0           0    1.86e-05    1.86e-05  INV_X1
Execution_unit_SecondMultiplier_FIR_mult_17_U122          0           0    1.86e-05    1.86e-05  INV_X1
Execution_unit_SecondMultiplier_FIR_mult_17_U123          0           0    1.86e-05    1.86e-05  INV_X1
Execution_unit_FirstMultiplier_IIR_mult_17_U124          0           0    1.86e-05    1.86e-05  INV_X1
Execution_unit_SecondMultiplier_IIR_mult_17_U123          0           0    1.86e-05    1.86e-05  INV_X1
Execution_unit_SecondMultiplier_IIR_mult_17_U122          0           0    1.86e-05    1.86e-05  INV_X1
Execution_unit_FirstMultiplier_IIR_mult_17_U122          0           0    1.86e-05    1.86e-05  INV_X1
Execution_unit_SecondMultiplier_IIR_mult_17_U120          0           0    1.86e-05    1.86e-05  INV_X1
Execution_unit_FourthMultiplier_FIR_mult_17_U121          0           0    1.86e-05    1.86e-05  INV_X1
Execution_unit_ThirdMultiplier_FIR_mult_17_U123          0           0    1.86e-05    1.86e-05  INV_X1
Execution_unit_SecondMultiplier_IIR_mult_17_U119          0           0    1.86e-05    1.86e-05  INV_X1
Execution_unit_ThirdMultiplier_FIR_mult_17_U121          0           0    1.86e-05    1.86e-05  INV_X1
Execution_unit_ThirdMultiplier_FIR_mult_17_U120          0           0    1.86e-05    1.86e-05  INV_X1
Execution_unit_ThirdMultiplier_FIR_mult_17_U119          0           0    1.86e-05    1.86e-05  INV_X1
Execution_unit_FirstMultiplier_IIR_mult_17_U121          0           0    1.86e-05    1.86e-05  INV_X1
Execution_unit_FirstMultiplier_FIR_mult_17_U122          0           0    1.86e-05    1.86e-05  INV_X1
Execution_unit_FirstMultiplier_FIR_mult_17_U121          0           0    1.86e-05    1.86e-05  INV_X1
Execution_unit_SecondMultiplier_IIR_mult_17_U124          0           0    1.86e-05    1.86e-05  INV_X1
Execution_unit_FourthMultiplier_FIR_mult_17_U147          0           0    1.66e-05    1.66e-05  AOI222_X1
Execution_unit_FirstMultiplier_IIR_mult_17_U149          0           0   1.093e-05   1.093e-05  AOI222_X1
Execution_unit_FourthMultiplier_FIR_mult_17_U149          0           0   1.079e-05   1.079e-05  AOI222_X1
Execution_unit_FourthMultiplier_FIR_mult_17_U124          0           0    1.01e-05    1.01e-05  INV_X1
Execution_unit_FourthMultiplier_FIR_mult_17_U123          0           0    1.01e-05    1.01e-05  INV_X1
Execution_unit_FirstMultiplier_FIR_mult_17_U124          0           0    1.01e-05    1.01e-05  INV_X1
Execution_unit_FirstMultiplier_IIR_mult_17_U123          0           0    1.01e-05    1.01e-05  INV_X1
Execution_unit_FourthMultiplier_FIR_mult_17_U122          0           0    1.01e-05    1.01e-05  INV_X1
Execution_unit_SecondMultiplier_IIR_mult_17_U121          0           0    1.01e-05    1.01e-05  INV_X1
Execution_unit_FirstMultiplier_FIR_mult_17_U120          0           0    1.01e-05    1.01e-05  INV_X1
Execution_unit_FirstMultiplier_FIR_mult_17_U119          0           0    1.01e-05    1.01e-05  INV_X1
Execution_unit_ThirdMultiplier_FIR_mult_17_U122          0           0    1.01e-05    1.01e-05  INV_X1
Execution_unit_ThirdMultiplier_FIR_mult_17_U124          0           0    1.01e-05    1.01e-05  INV_X1
Execution_unit_FourthMultiplier_FIR_mult_17_U120          0           0    1.01e-05    1.01e-05  INV_X1
Execution_unit_FourthMultiplier_FIR_mult_17_U119          0           0    1.01e-05    1.01e-05  INV_X1
Execution_unit_FourthMultiplier_FIR_mult_17_U112          0           0    1.01e-05    1.01e-05  INV_X1
Execution_unit_FourthMultiplier_FIR_mult_17_U109          0           0    1.01e-05    1.01e-05  INV_X1
Execution_unit_FirstMultiplier_IIR_mult_17_U112          0           0    1.01e-05    1.01e-05  INV_X1
Execution_unit_SecondMultiplier_FIR_mult_17_U124          0           0    1.01e-05    1.01e-05  INV_X1
Execution_unit_FirstMultiplier_IIR_mult_17_U120          0           0    1.01e-05    1.01e-05  INV_X1
Execution_unit_FourthMultiplier_FIR_mult_17_U139          0           0    9.47e-06    9.47e-06  NAND2_X1
Execution_unit_FourthMultiplier_FIR_mult_17_U132          0           0    9.47e-06    9.47e-06  NAND2_X1
Execution_unit_FourthMultiplier_FIR_mult_17_U145          0           0    9.47e-06    9.47e-06  NAND2_X1
Execution_unit_SecondMultiplier_FIR_mult_17_U127          0           0   3.727e-06   3.727e-06  NAND2_X1
Execution_unit_FourthMultiplier_FIR_mult_17_U127          0           0   3.652e-06   3.652e-06  NAND2_X1

---------------------------------------------------------------------------------------

Total (    901 of    901  )       0.5335      0.3205     0.8907     0.03675
Total Capacitance                4.935e-12 F
Power Density                   *** No Die Area ***
