*----------------------------------------------------------------------------------------
*	Innovus 17.11-s080_1 (64bit) 08/04/2017 11:13 (Linux 2.6.18-194.el5)
*	
*
* 	Date & Time:	2020-Nov-09 13:36:57 (2020-Nov-09 12:36:57 GMT)
*
*----------------------------------------------------------------------------------------
*
*	Design: IIR_filter_order2
*
*	Liberty Libraries used: 
*	        MyAnView: /home/isa02/Desktop/Lab1/innovus/IIR_filter_order2.enc.dat/libs/mmmc/NangateOpenCellLibrary_typical_ecsm_nowlm.lib
*
*	Power Domain used: 
*		Rail:        VDD 	Voltage:        1.1 
*
*       Power View : MyAnView
*
*       User-Defined Activity : N.A.
*
*	Switching Activity File used: 
*	        ../vcd/IIR_filter_order2_innovus.vcd
*			Vcd Window used(Start Time, Stop Time):(-2.40215e+10, -2.40215e+10) 
*                     Vcd Scale Factor: 1 
**                    Design annotation coverage: 594/594 = 100% 
*
*       Hierarchical Global Activity: N.A.
*
*       Global Activity: N.A.
*
*       Sequential Element Activity: N.A.
*
*       Primary Input Activity: 0.200000
*
*       Default icg ratio: N.A.
*
*       Global Comb ClockGate Ratio: N.A.
*
*	Power Units = 1mW
*
*	Time Units = 1e-09 secs 
*
*       Temperature = 25 
*
*       report_power -outfile .//IIR_filter_order2.rpt -rail_analysis_format VS
*
-----------------------------------------------------------------------------------------
Cell                            Internal   Switching       Total     Leakage   Cell
                                   Power       Power       Power       Power   Name
--------------------------------------------------------------------------------------
Execution_unit_FirstMultiplier_ff_mult_17_U3   0.005896    0.003342    0.009312   7.455e-05  FA_X1
Execution_unit_FirstMultiplier_ff_mult_17_U4   0.005152    0.003125    0.008353   7.586e-05  FA_X1
Execution_unit_FirstMultiplier_ff_mult_17_U5   0.004717    0.003123    0.007913   7.361e-05  FA_X1
Execution_unit_FirstMultiplier_ff_mult_17_U14   0.004582    0.003155     0.00781   7.294e-05  FA_X1
Execution_unit_FirstMultiplier_ff_mult_17_U13   0.004221    0.002867    0.007157   6.835e-05  FA_X1
Execution_unit_FirstSUM_ff_add_15_U1_4   0.004824    0.002102    0.007002   7.667e-05  FA_X1
Execution_unit_FirstSUM_ff_add_15_U1_2   0.004764    0.002041    0.006879    7.31e-05  FA_X1
Execution_unit_FirstSUM_ff_add_15_U1_3     0.0047    0.001905    0.006679    7.38e-05  FA_X1
Execution_unit_FirstMultiplier_ff_mult_17_U16   0.003807    0.002518    0.006393   6.759e-05  FA_X1
Execution_unit_FirstSUM_fb_add_15_U1_5   0.002067    0.004169    0.006313   7.624e-05  FA_X1
Execution_unit_FirstSUM_fb_add_15_U1_3   0.001534     0.00462    0.006228   7.423e-05  FA_X1
Execution_unit_FirstSUM_ff_add_15_U1_1   0.004291    0.001746    0.006112   7.528e-05  FA_X1
Execution_unit_FirstSUM_fb_add_15_U1_1   0.001767    0.004144    0.005985   7.455e-05  FA_X1
Execution_unit_FirstMultiplier_ff_mult_17_U6   0.003479     0.00219    0.005742    7.26e-05  FA_X1
Execution_unit_FirstMultiplier_ff_mult_17_U19   0.003106    0.002044    0.005219   6.893e-05  FA_X1
Execution_unit_FirstMultiplier_ff_mult_17_U115   0.002964    0.002213    0.005213   3.598e-05  XNOR2_X1
Execution_unit_FirstSUM_ff_add_15_U1_5   0.003961    0.001045    0.005083   7.733e-05  FA_X1
Execution_unit_FirstMultiplier_ff_mult_17_U7   0.002904    0.001899    0.004868   6.485e-05  FA_X1
Execution_unit_FirstMultiplier_ff_mult_17_U116   0.002161    0.001401    0.003603   4.094e-05  XOR2_X1
Execution_unit_FirstMultiplier_ff_mult_17_U21   0.002134    0.001379    0.003578   6.451e-05  FA_X1
Execution_unit_FirstSUM_fb_add_15_U1_2   0.001493    0.001709    0.003278   7.611e-05  FA_X1
Execution_unit_FirstMultiplier_ff_mult_17_U161  0.0009639    0.002216    0.003216   3.627e-05  XNOR2_X1
Execution_unit_FirstMultiplier_ff_mult_17_U106  0.0003711    0.002559    0.002945    1.48e-05  INV_X1
Execution_unit_FirstSUM_fb_add_15_U1_4   0.001356    0.001496    0.002929   7.624e-05  FA_X1
Execution_unit_LoadedOutput_U10   0.002115   0.0007593    0.002897   2.275e-05  OAI21_X1
Execution_unit_SecondSUM_ff_add_15_U1_2   0.001729   0.0009954    0.002795   7.014e-05  FA_X1
Execution_unit_SecondSUM_ff_add_15_U1_5   0.001865   0.0008347    0.002776   7.619e-05  FA_X1
Execution_unit_FirstMultiplier_ff_mult_17_U100  0.0003437    0.002375    0.002732   1.253e-05  INV_X1
Execution_unit_FirstMultiplier_ff_mult_17_U150   0.001646    0.001042    0.002726   3.834e-05  XOR2_X1
Execution_unit_FirstMultiplier_ff_mult_17_U167   0.001045    0.001579    0.002659   3.527e-05  XOR2_X1
Execution_unit_SecondSUM_fb_add_15_U1_4   0.001624   0.0009183    0.002616    7.33e-05  FA_X1
Execution_unit_FirstMultiplier_ff_mult_17_U20   0.001552   0.0009849    0.002589   5.195e-05  HA_X1
Execution_unit_FirstSUM_ff_add_15_U1   0.001832   0.0007193    0.002587    3.55e-05  XOR2_X1
Execution_unit_FirstMultiplier_ff_mult_17_U110  0.0002982    0.002266    0.002579   1.468e-05  INV_X1
Execution_unit_FirstMultiplier_ff_mult_17_U22    0.00172   0.0007856     0.00256    5.43e-05  HA_X1
Execution_unit_SecondSUM_fb_add_15_U1_5   0.001749   0.0006636    0.002486    7.33e-05  FA_X1
Execution_unit_SecondSUM_ff_add_15_U1_4    0.00149   0.0008671    0.002434   7.619e-05  FA_X1
Execution_unit_SecondSUM_ff_add_15_U1_3    0.00148    0.000851    0.002406   7.509e-05  FA_X1
Execution_unit_FirstMultiplier_ff_mult_17_U165  0.0004389    0.001948    0.002399   1.226e-05  NAND2_X1
Execution_unit_FirstMultiplier_ff_mult_17_U156   0.001538   0.0007919    0.002366   3.556e-05  XOR2_X1
Execution_unit_SecondSUM_fb_add_15_U1_2   0.001441   0.0008292    0.002344   7.331e-05  FA_X1
Execution_unit_LoadedOutput_U8   0.001715   0.0005996    0.002341   2.676e-05  OAI21_X1
Execution_unit_SecondSUM_fb_add_15_U1_3   0.001424   0.0008341     0.00233   7.164e-05  FA_X1
Execution_unit_SecondSUM_fb_add_15_U1_1    0.00142   0.0008173    0.002311    7.39e-05  FA_X1
Execution_unit_SW_0_datoOutput_reg_1_   0.001295    0.000887    0.002262   7.916e-05  DFF_X1
Execution_unit_SW_0_datoOutput_reg_3_    0.00126   0.0009206     0.00226   7.918e-05  DFF_X1
Execution_unit_LoadedOutput_U12   0.001629   0.0005912    0.002245   2.461e-05  OAI21_X1
Execution_unit_ThirdMultiplier_ff_mult_17_U3   0.001369   0.0007705    0.002214   7.483e-05  FA_X1
Execution_unit_FirstMultiplier_ff_mult_17_U157   0.000829    0.001309    0.002167   2.883e-05  AOI22_X1
Execution_unit_SecondSUM_ff_add_15_U1_1   0.001335   0.0007504    0.002159   7.381e-05  FA_X1
Execution_unit_LoadedOutput_U14   0.001568   0.0005633    0.002157   2.575e-05  OAI21_X1
Execution_unit_SW_0_datoOutput_reg_4_    0.00129   0.0007648    0.002134    7.91e-05  DFF_X1
Execution_unit_FirstMultiplier_ff_mult_17_U163  0.0008074    0.001301    0.002134   2.514e-05  AOI22_X1
Execution_unit_SecondMultiplier_ff_mult_17_U5   0.001206   0.0008568    0.002133   6.983e-05  FA_X1
Execution_unit_LoadedOutput_U11   0.001081    0.001005    0.002116    3.02e-05  NAND2_X1
Execution_unit_LoadedOutput_datoOutput_reg_7_   0.001664   0.0003057    0.002048   7.914e-05  DFF_X1
Execution_unit_FirstMultiplier_ff_mult_17_U154  0.0009432    0.001062    0.002047   4.124e-05  OAI22_X1
Execution_unit_SecondMultiplier_ff_mult_17_U3   0.001246   0.0007198     0.00204   7.453e-05  FA_X1
Execution_unit_FirstMultiplier_fb_mult_17_U3   0.001222   0.0007343    0.002032   7.562e-05  FA_X1
Execution_unit_LoadedOutput_U6   0.001484   0.0005094    0.002019   2.595e-05  OAI21_X1
Execution_unit_SecondMultiplier_ff_mult_17_U4   0.001158   0.0007501    0.001986   7.811e-05  FA_X1
Execution_unit_FirstMultiplier_ff_mult_17_U127   0.001247   0.0006914    0.001969   3.096e-05  XNOR2_X1
Execution_unit_ThirdMultiplier_ff_mult_17_U4   0.001168   0.0007248    0.001969   7.639e-05  FA_X1
Execution_unit_FirstMultiplier_ff_mult_17_U143  0.0009763   0.0009365    0.001953   4.023e-05  OAI22_X1
Execution_unit_FirstMultiplier_ff_mult_17_U166   0.001347   0.0005525    0.001937   3.755e-05  XOR2_X1
Execution_unit_SecondMultiplier_fb_mult_17_U7   0.001094   0.0007646    0.001926   6.765e-05  FA_X1
Execution_unit_SW_0_datoOutput_reg_2_   0.001271   0.0005729    0.001923   7.915e-05  DFF_X1
Execution_unit_FirstMultiplier_fb_mult_17_U7   0.001122    0.000718    0.001914   7.413e-05  FA_X1
Execution_unit_FirstMultiplier_ff_mult_17_U152  0.0008328    0.001046    0.001908   2.883e-05  AOI22_X1
Execution_unit_ThirdMultiplier_ff_mult_17_U5   0.001108   0.0007212    0.001904    7.48e-05  FA_X1
Execution_unit_FirstMultiplier_ff_mult_17_U138   0.001225   0.0006451    0.001904   3.393e-05  XOR2_X1
Execution_unit_FirstMultiplier_ff_mult_17_U99  0.0003658    0.001484    0.001865    1.52e-05  INV_X1
Execution_unit_LoadedOutput_U4   0.001372   0.0004635    0.001861   2.518e-05  OAI21_X1
Execution_unit_SecondMultiplier_fb_mult_17_U4   0.001109   0.0006677    0.001849   7.238e-05  FA_X1
Execution_unit_FirstMultiplier_fb_mult_17_U4   0.001097   0.0006717    0.001844   7.519e-05  FA_X1
Execution_unit_SecondMultiplier_ff_mult_17_U6   0.001011   0.0007043    0.001783   6.754e-05  FA_X1
Execution_unit_LoadedOutput_U9  0.0008995   0.0008369    0.001766    2.91e-05  NAND2_X1
Execution_unit_FirstMultiplier_ff_mult_17_U135  0.0008793   0.0008423    0.001757   3.592e-05  OAI22_X1
Execution_unit_FirstMultiplier_fb_mult_17_U5   0.001027   0.0006545    0.001755    7.26e-05  FA_X1
Execution_unit_FirstSUM_fb_add_15_U2  0.0009219   0.0007806    0.001739   3.604e-05  XOR2_X1
Execution_unit_SW_0_datoOutput_reg_0_   0.001292   0.0003555    0.001727   7.911e-05  DFF_X1
Execution_unit_FirstMultiplier_ff_mult_17_U145  0.0008506   0.0008353    0.001725   3.946e-05  OAI22_X1
Execution_unit_LoadedOutput_datoOutput_reg_5_   0.001394   0.0002502    0.001724    7.91e-05  DFF_X1
Execution_unit_SW_1_datoOutput_reg_3_  0.0008029   0.0008409    0.001723   7.918e-05  DFF_X1
Execution_unit_FirstMultiplier_ff_mult_17_U139  0.0007805   0.0008908    0.001708   3.697e-05  OAI22_X1
Execution_unit_LoadedOutput_datoOutput_reg_6_   0.001388   0.0002358    0.001703   7.912e-05  DFF_X1
Execution_unit_LoadedOutput_U13  0.0008409   0.0008286    0.001699   2.965e-05  NAND2_X1
Execution_unit_SecondMultiplier_ff_mult_17_U7  0.0009629   0.0006661    0.001696   6.707e-05  FA_X1
Execution_unit_SW_1_datoOutput_reg_4_  0.0009843   0.0006246    0.001688    7.91e-05  DFF_X1
Execution_unit_FirstMultiplier_ff_mult_17_U134  0.0006428   0.0009964    0.001681   4.191e-05  XNOR2_X1
Execution_unit_SW_1_datoOutput_reg_1_  0.0008509   0.0007467    0.001677   7.917e-05  DFF_X1
Execution_unit_FirstMultiplier_fb_mult_17_U6  0.0009678   0.0006268    0.001671   7.658e-05  FA_X1
Execution_unit_SecondMultiplier_fb_mult_17_U6  0.0009617   0.0006169    0.001651   7.255e-05  FA_X1
Execution_unit_FirstMultiplier_ff_mult_17_U128  0.0007908   0.0008152     0.00164   3.406e-05  OAI22_X1
Execution_unit_SecondMultiplier_fb_mult_17_U5  0.0009639   0.0005982    0.001632   7.023e-05  FA_X1
Execution_unit_FirstMultiplier_ff_mult_17_U159  0.0003981    0.001195    0.001617   2.392e-05  NAND2_X1
Execution_unit_FirstMultiplier_ff_mult_17_U107  0.0003418    0.001249    0.001605   1.397e-05  INV_X1
Execution_unit_FirstMultiplier_ff_mult_17_U146  0.0007682    0.000794    0.001601   3.848e-05  OAI22_X1
Execution_unit_ThirdMultiplier_ff_mult_17_U14  0.0008872   0.0006352    0.001595   7.294e-05  FA_X1
Execution_unit_LoadedOutput_U15  0.0008128   0.0007487    0.001591   2.932e-05  NAND2_X1
Execution_unit_FirstMultiplier_ff_mult_17_U101   0.000273    0.001295    0.001583   1.504e-05  INV_X1
Execution_unit_SecondMultiplier_fb_mult_17_U3  0.0009918   0.0005126    0.001581   7.676e-05  FA_X1
Execution_unit_LoadedOutput_datoOutput_reg_8_   0.001338   0.0001635     0.00158   7.908e-05  DFF_X1
Execution_unit_FirstMultiplier_ff_mult_17_U130  0.0007912   0.0007545     0.00158   3.406e-05  OAI22_X1
Execution_unit_FirstMultiplier_ff_mult_17_U151  0.0006785   0.0008622    0.001565   2.452e-05  NAND2_X1
Execution_unit_LoadedOutput_U7  0.0007713   0.0007246    0.001525   2.921e-05  NAND2_X1
Execution_unit_FirstSUM_ff_add_15_U2  0.0008781   0.0006035    0.001506   2.476e-05  AND2_X1
Execution_unit_FirstMultiplier_ff_mult_17_U160   0.001063   0.0004027    0.001502   3.637e-05  XOR2_X1
Execution_unit_FirstMultiplier_ff_mult_17_U155  0.0006807   0.0007848    0.001502   3.608e-05  XOR2_X1
FE_RC_52_0                     0.0007479   0.0007129    0.001482   2.071e-05  OAI21_X1
Execution_unit_FirstMultiplier_ff_mult_17_U119  0.0008749   0.0005501    0.001481   5.602e-05  OAI222_X1
Execution_unit_SecondMultiplier_ff_mult_17_U14  0.0008385    0.000558    0.001469   7.217e-05  FA_X1
Execution_unit_ThirdMultiplier_ff_mult_17_U6  0.0008438   0.0005465    0.001462   7.155e-05  FA_X1
Execution_unit_SecondMultiplier_ff_mult_17_U19  0.0008212   0.0005495    0.001444   7.307e-05  FA_X1
Execution_unit_LoadedOutput_U5  0.0007246   0.0006888    0.001443   2.949e-05  NAND2_X1
Execution_unit_SecondMultiplier_ff_mult_17_U13  0.0008105    0.000563    0.001442   6.802e-05  FA_X1
Execution_unit_FirstMultiplier_ff_mult_17_U120  0.0006962    0.000704    0.001424   2.368e-05  AOI21_X1
Execution_unit_LoadedOutput_datoOutput_reg_10_   0.001304   3.933e-05    0.001422   7.899e-05  DFF_X1
Execution_unit_SW_0_datoOutput_reg_5_   0.001152   0.0001782    0.001409    7.91e-05  DFF_X1
Execution_unit_FirstMultiplier_ff_mult_17_U148  0.0006943   0.0006691    0.001397   3.389e-05  OAI21_X1
Execution_unit_FirstMultiplier_ff_mult_17_U129  0.0006452   0.0007098    0.001397   4.191e-05  XNOR2_X1
Execution_unit_FirstMultiplier_ff_mult_17_U133  0.0003329    0.001047    0.001396   1.628e-05  NAND2_X1
Execution_unit_FirstMultiplier_ff_mult_17_U131  0.0006453   0.0006956    0.001383   4.191e-05  XNOR2_X1
Execution_unit_SW_1_datoOutput_reg_2_  0.0008353   0.0004546    0.001369   7.915e-05  DFF_X1
Execution_unit_FirstMultiplier_ff_mult_17_U137  0.0007091   0.0006236    0.001368   3.537e-05  OAI22_X1
Execution_unit_SecondSUM_fb_add_15_U1  0.0007706   0.0005551    0.001365   3.897e-05  XOR2_X1
FE_RC_54_0                      0.000705   0.0005936    0.001322   2.296e-05  OAI21_X1
Execution_unit_LoadedOutput_datoOutput_reg_9_   0.001157   7.817e-05    0.001315   7.912e-05  DFF_X1
Execution_unit_FirstMultiplier_ff_mult_17_U126  0.0006506   0.0005884    0.001273   3.409e-05  OAI22_X1
Execution_unit_ThirdMultiplier_ff_mult_17_U115  0.0007434   0.0004929    0.001273   3.642e-05  XNOR2_X1
Execution_unit_ThirdMultiplier_ff_mult_17_U16  0.0007127   0.0004815    0.001263   6.842e-05  FA_X1
Execution_unit_ThirdMultiplier_ff_mult_17_U7  0.0007343   0.0004644    0.001263   6.382e-05  FA_X1
Execution_unit_FirstMultiplier_ff_mult_17_U104  0.0003849   0.0008273    0.001228   1.576e-05  INV_X1
Execution_unit_SecondMultiplier_ff_mult_17_U115  0.0006478   0.0005381    0.001222   3.637e-05  XNOR2_X1
Execution_unit_FirstMultiplier_ff_mult_17_U112  0.0003776   0.0008262    0.001219   1.568e-05  INV_X1
Execution_unit_SW_1_datoOutput_reg_0_  0.0008493   0.0002858    0.001214   7.911e-05  DFF_X1
Execution_unit_FirstMultiplier_fb_mult_17_U21  0.0006842   0.0004283    0.001188   7.569e-05  FA_X1
Execution_unit_FirstMultiplier_ff_mult_17_U144  0.0007079   0.0004185    0.001166   3.916e-05  XOR2_X1
Execution_unit_ThirdMultiplier_ff_mult_17_U19  0.0006371   0.0004363    0.001141   6.785e-05  FA_X1
Execution_unit_SecondSUM_ff_add_15_U2  0.0006253   0.0004688    0.001129   3.504e-05  XOR2_X1
Execution_unit_SecondMultiplier_ff_mult_17_U16  0.0006205   0.0004252     0.00111   6.472e-05  FA_X1
Execution_unit_FirstMultiplier_ff_mult_17_U109  0.0003107   0.0007712    0.001096   1.437e-05  INV_X1
Execution_unit_SecondMultiplier_fb_mult_17_U14  0.0006126    0.000414    0.001093   6.609e-05  FA_X1
Execution_unit_SW_0_U10        0.0006335   0.0004229    0.001092   3.594e-05  AOI22_X1
Execution_unit_FirstMultiplier_ff_mult_17_U132  0.0006554   0.0003726    0.001068   3.969e-05  OAI22_X1
Execution_unit_FirstMultiplier_fb_mult_17_U19  0.0005841   0.0003972    0.001058   7.719e-05  FA_X1
Execution_unit_SecondMultiplier_fb_mult_17_U21  0.0005932   0.0003835    0.001042   6.544e-05  FA_X1
Execution_unit_LoadedInput_datoOutput_reg_8_  0.0008333   0.0001233    0.001036   7.913e-05  DFF_X1
Execution_unit_LoadedInput_datoOutput_reg_5_  0.0008331   0.0001169    0.001029   7.913e-05  DFF_X1
Execution_unit_LoadedInput_datoOutput_reg_9_   0.000807   0.0001151    0.001001   7.913e-05  DFF_X1
Execution_unit_FirstMultiplier_fb_mult_17_U14  0.0005442   0.0003626   0.0009831   7.629e-05  FA_X1
Execution_unit_FirstMultiplier_ff_mult_17_U102  0.0002963   0.0006672   0.0009806   1.711e-05  INV_X1
Execution_unit_SecondMultiplier_ff_mult_17_U21  0.0005597   0.0003507   0.0009757   6.536e-05  FA_X1
Execution_unit_LoadedInput_datoOutput_reg_7_   0.000781   0.0001132   0.0009733   7.913e-05  DFF_X1
Execution_unit_LoadedInput_datoOutput_reg_6_  0.0007808   0.0001079   0.0009678   7.913e-05  DFF_X1
Execution_unit_LoadedInput_datoOutput_reg_10_   0.000772   0.0001059   0.0009571   7.913e-05  DFF_X1
Execution_unit_SW_0_U8         0.0005473   0.0003613   0.0009434   3.477e-05  AOI22_X1
Execution_unit_FirstMultiplier_ff_mult_17_U136  0.0005825    0.000313   0.0009319   3.636e-05  XOR2_X1
FE_RC_70_0                     0.0002763   0.0006222   0.0009133   1.472e-05  INV_X1
Execution_unit_LoadedInput_datoOutput_reg_2_  0.0008293           0   0.0009085   7.913e-05  DFF_X1
Execution_unit_LoadedInput_datoOutput_reg_3_  0.0008293           0   0.0009085   7.913e-05  DFF_X1
Execution_unit_LoadedInput_datoOutput_reg_4_  0.0008293           0   0.0009085   7.913e-05  DFF_X1
Execution_unit_FirstMultiplier_fb_mult_17_U115  0.0004741   0.0003918   0.0009039   3.792e-05  XNOR2_X1
Execution_unit_SW_0_U6         0.0005327   0.0003262   0.0008927   3.377e-05  AOI22_X1
Execution_unit_SW_0_U16         0.000503   0.0003469   0.0008855   3.565e-05  AOI22_X1
Execution_unit_FirstMultiplier_fb_mult_17_U13  0.0004723    0.000336   0.0008841   7.583e-05  FA_X1
FE_RC_48_0                     0.0003239   0.0005367   0.0008816   2.106e-05  NOR2_X1
Execution_unit_ThirdMultiplier_ff_mult_17_U13  0.0004795   0.0003282   0.0008761   6.835e-05  FA_X1
Execution_unit_FirstMultiplier_ff_mult_17_U108  0.0004336    0.000429   0.0008743   1.169e-05  INV_X1
Execution_unit_LoadedInput_datoOutput_reg_1_  0.0007773           0   0.0008564   7.913e-05  DFF_X1
Execution_unit_LoadedInput_datoOutput_reg_0_  0.0007773           0   0.0008564   7.913e-05  DFF_X1
Execution_unit_SecondMultiplier_fb_mult_17_U115  0.0005233   0.0002969   0.0008525   3.229e-05  XNOR2_X1
CU_STATE_reg_0_                0.0007405   8.364e-06   0.0008351   8.623e-05  DFFR_X1
Execution_unit_SW_0_U12        0.0004687   0.0003282    0.000832   3.508e-05  AOI22_X1
Execution_unit_ThirdMultiplier_ff_mult_17_U116  0.0004616   0.0003258   0.0008286   4.121e-05  XOR2_X1
Execution_unit_ThirdMultiplier_ff_mult_17_U21  0.0004477    0.000289   0.0008002    6.35e-05  FA_X1
Execution_unit_FirstMultiplier_ff_mult_17_U103  0.0003668   0.0004045   0.0007852   1.388e-05  INV_X1
Execution_unit_LoadedOutput_datoOutput_reg_3_  0.0006877   1.011e-06   0.0007648   7.612e-05  DFF_X1
Execution_unit_LoadedOutput_datoOutput_reg_4_  0.0006877   9.714e-07   0.0007648   7.612e-05  DFF_X1
Execution_unit_LoadedOutput_datoOutput_reg_2_  0.0006877   9.606e-07   0.0007648   7.612e-05  DFF_X1
Execution_unit_LoadedOutput_datoOutput_reg_1_  0.0006877   9.492e-07   0.0007648   7.612e-05  DFF_X1
Execution_unit_LoadedOutput_datoOutput_reg_0_  0.0006877   9.344e-07   0.0007648   7.612e-05  DFF_X1
Execution_unit_FirstMultiplier_ff_mult_17_U149  0.0004586   0.0002777   0.0007625   2.624e-05  NAND3_X1
Execution_unit_FirstMultiplier_fb_mult_17_U116  0.0004496   0.0002671   0.0007525   3.584e-05  XOR2_X1
Execution_unit_SecondMultiplier_fb_mult_17_U13  0.0004022   0.0002807   0.0007464   6.349e-05  FA_X1
CU_STATE_reg_1_                0.0006421   4.599e-06   0.0007372   9.046e-05  DFFR_X1
Execution_unit_SecondMultiplier_ff_mult_17_U22    0.00049   0.0001926   0.0007362   5.361e-05  HA_X1
Execution_unit_SecondMultiplier_ff_mult_17_U116  0.0003991   0.0002838    0.000724   4.119e-05  XOR2_X1
Execution_unit_FirstSUM_fb_add_15_U1  0.0004078    0.000288   0.0007209   2.505e-05  AND2_X1
Execution_unit_SW_0_U14        0.0003886    0.000271   0.0006955   3.594e-05  AOI22_X1
Execution_unit_SecondMultiplier_fb_mult_17_U119  0.0004121   0.0002177   0.0006692   3.942e-05  OAI222_X1
Execution_unit_SW_1_datoOutput_reg_5_  0.0004529   0.0001345   0.0006665    7.91e-05  DFF_X1
Execution_unit_SW_0_U9         0.0003688   0.0002813   0.0006644   1.427e-05  INV_X1
Execution_unit_FirstMultiplier_fb_mult_17_U22  0.0003973   0.0001975   0.0006589   6.405e-05  HA_X1
Execution_unit_FirstMultiplier_ff_mult_17_U121  0.0003761   0.0002454   0.0006454   2.384e-05  NOR3_X1
Execution_unit_SecondSUM_fb_add_15_U2  0.0003618   0.0002565   0.0006449   2.655e-05  AND2_X1
Execution_unit_SecondMultiplier_fb_mult_17_U22  0.0004036   0.0001811   0.0006429   5.829e-05  HA_X1
FE_DBTC1_Execution_unit_w_1_0  4.907e-05   0.0005717   0.0006351   1.436e-05  INV_X1
FE_DBTC0_Execution_unit_w_2_0  4.893e-05   0.0005485   0.0006117   1.436e-05  INV_X1
Execution_unit_FirstMultiplier_ff_mult_17_U105  0.0002822   0.0003122   0.0006092   1.472e-05  INV_X1
Execution_unit_FirstMultiplier_ff_mult_17_U118  0.0003821   0.0001883   0.0006012   3.084e-05  AOI222_X1
Execution_unit_SW_0_U7         0.0003158   0.0002427   0.0005731    1.47e-05  INV_X1
Execution_unit_SW_0_U15        0.0003093   0.0002417   0.0005654   1.435e-05  INV_X1
Execution_unit_SecondSUM_ff_add_15_U1  0.0003122   0.0002171   0.0005541   2.476e-05  AND2_X1
Execution_unit_SW_0_U11        0.0002934   0.0002415   0.0005495   1.458e-05  INV_X1
Execution_unit_SecondMultiplier_fb_mult_17_U16  0.0002841   0.0001922   0.0005391   6.274e-05  FA_X1
Execution_unit_SW_0_U5         0.0002972   0.0002259   0.0005382    1.51e-05  INV_X1
Execution_unit_SecondMultiplier_fb_mult_17_U19  0.0002769   0.0001819    0.000531   7.224e-05  FA_X1
Execution_unit_FirstMultiplier_fb_mult_17_U119  0.0002848   0.0001978   0.0005257   4.319e-05  OAI222_X1
Execution_unit_SecondMultiplier_ff_mult_17_U150  0.0003056   0.0001711    0.000516   3.921e-05  XOR2_X1
Execution_unit_FirstMultiplier_fb_mult_17_U118  0.0003207   0.0001446   0.0005067   4.136e-05  AOI222_X1
Execution_unit_FirstMultiplier_fb_mult_17_U16  0.0002589   0.0001776   0.0005003   6.377e-05  FA_X1
Execution_unit_SecondMultiplier_fb_mult_17_U118  0.0002854   0.0001414   0.0004723   4.546e-05  AOI222_X1
Execution_unit_FirstMultiplier_ff_mult_17_U111  0.0001613   0.0002873   0.0004668   1.815e-05  INV_X1
Execution_unit_SecondMultiplier_fb_mult_17_U116  0.0001899   0.0002259    0.000464   4.811e-05  XOR2_X1
Execution_unit_ThirdMultiplier_ff_mult_17_U22   0.000291   0.0001195   0.0004636   5.308e-05  HA_X1
Execution_unit_SecondMultiplier_fb_mult_17_U168  0.0002806   0.0001427   0.0004482   2.488e-05  XOR2_X1
Execution_unit_SW_0_U13         0.000241   0.0001865   0.0004417   1.427e-05  INV_X1
Execution_unit_ThirdMultiplier_ff_mult_17_U161   0.000119   0.0002795   0.0004354   3.689e-05  XNOR2_X1
Execution_unit_SecondMultiplier_ff_mult_17_U119  0.0002029   0.0001617   0.0004253   6.068e-05  OAI222_X1
Execution_unit_ThirdMultiplier_ff_mult_17_U167  0.0001516    0.000225   0.0004107   3.409e-05  XOR2_X1
Execution_unit_ThirdMultiplier_ff_mult_17_U20  0.0002257   0.0001305   0.0004082   5.195e-05  HA_X1
Execution_unit_SecondMultiplier_ff_mult_17_U167  0.0001521   0.0002192   0.0004055    3.42e-05  XOR2_X1
Execution_unit_SecondMultiplier_ff_mult_17_U101   4.81e-05   0.0003429   0.0004035   1.253e-05  INV_X1
Execution_unit_ThirdMultiplier_ff_mult_17_U101  4.822e-05   0.0003399   0.0004007   1.253e-05  INV_X1
Execution_unit_FirstMultiplier_fb_mult_17_U152  0.0002037   0.0001727   0.0004006   2.414e-05  AOI22_X1
Execution_unit_SecondMultiplier_ff_mult_17_U157  0.0001363   0.0002345   0.0003985   2.764e-05  AOI22_X1
Execution_unit_ThirdMultiplier_ff_mult_17_U150  0.0002203   0.0001375   0.0003962   3.834e-05  XOR2_X1
Execution_unit_ThirdMultiplier_ff_mult_17_U165  6.871e-05   0.0003145   0.0003954   1.226e-05  NAND2_X1
Execution_unit_SecondMultiplier_ff_mult_17_U20  0.0002285   0.0001114   0.0003936   5.367e-05  HA_X1
Execution_unit_FirstMultiplier_fb_mult_17_U122  0.0002168   0.0001387   0.0003921   3.667e-05  MUX2_X1
Execution_unit_SecondMultiplier_ff_mult_17_U161  0.0001206   0.0002339   0.0003913   3.683e-05  XNOR2_X1
Execution_unit_SecondMultiplier_fb_mult_17_U157   9.29e-05   0.0002563   0.0003908   4.162e-05  AOI22_X1
Execution_unit_SecondMultiplier_ff_mult_17_U165  6.897e-05    0.000309   0.0003902   1.226e-05  NAND2_X1
Execution_unit_ThirdMultiplier_ff_mult_17_U157  0.0001393   0.0002231   0.0003899   2.751e-05  AOI22_X1
Execution_unit_FirstMultiplier_fb_mult_17_U146  0.0001936   0.0001653   0.0003834   2.451e-05  OAI22_X1
Execution_unit_FirstMultiplier_fb_mult_17_U20  0.0002235   9.599e-05   0.0003787   5.915e-05  HA_X1
FE_RC_80_0                     0.0001562   0.0001767   0.0003644   3.151e-05  OAI21_X1
Execution_unit_SecondMultiplier_ff_mult_17_U128  0.0001588   0.0001667    0.000361   3.549e-05  OAI22_X1
Execution_unit_SecondMultiplier_ff_mult_17_U133  7.025e-05   0.0002727     0.00036   1.704e-05  NAND2_X1
Execution_unit_SecondMultiplier_ff_mult_17_U152   0.000137   0.0001921   0.0003578   2.874e-05  AOI22_X1
Execution_unit_SecondMultiplier_ff_mult_17_U139  0.0001465   0.0001751   0.0003559   3.433e-05  OAI22_X1
Execution_unit_SecondMultiplier_fb_mult_17_U155  0.0002127   0.0001148   0.0003525     2.5e-05  XOR2_X1
Execution_unit_ThirdMultiplier_ff_mult_17_U128  0.0001543   0.0001585   0.0003491   3.627e-05  OAI22_X1
Execution_unit_FirstMultiplier_fb_mult_17_U140  0.0002135   0.0001088   0.0003474   2.498e-05  XOR2_X1
Execution_unit_SecondMultiplier_fb_mult_17_U128  0.0001576   0.0001634   0.0003468   2.583e-05  OAI22_X1
Execution_unit_FirstMultiplier_fb_mult_17_U103  0.0001254   0.0002051   0.0003455   1.496e-05  INV_X1
Execution_unit_SecondMultiplier_ff_mult_17_U137  0.0001672   0.0001426   0.0003452   3.539e-05  OAI22_X1
Execution_unit_SecondMultiplier_ff_mult_17_U109  0.0001031   0.0002269   0.0003446    1.46e-05  INV_X1
Execution_unit_FirstMultiplier_fb_mult_17_U128  0.0001636   0.0001548   0.0003439   2.549e-05  OAI22_X1
Execution_unit_ThirdMultiplier_ff_mult_17_U130  0.0001543   0.0001523   0.0003429   3.627e-05  OAI22_X1
Execution_unit_SecondMultiplier_ff_mult_17_U130  0.0001567   0.0001465   0.0003393   3.611e-05  OAI22_X1
Execution_unit_ThirdMultiplier_ff_mult_17_U126  0.0001558   0.0001462   0.0003376   3.557e-05  OAI22_X1
Execution_unit_FirstMultiplier_fb_mult_17_U109  5.908e-05   0.0002641   0.0003372     1.4e-05  INV_X1
Execution_unit_SecondMultiplier_ff_mult_17_U126   0.000157   0.0001434   0.0003341   3.373e-05  OAI22_X1
Execution_unit_ThirdMultiplier_ff_mult_17_U152  0.0001362   0.0001665   0.0003302   2.751e-05  AOI22_X1
Execution_unit_FirstMultiplier_fb_mult_17_U153  0.0001985   0.0001049   0.0003285   2.516e-05  XOR2_X1
Execution_unit_SecondMultiplier_ff_mult_17_U162  0.0001964   9.832e-05    0.000328   3.322e-05  XOR2_X1
Execution_unit_SecondMultiplier_ff_mult_17_U158  0.0001964   9.617e-05   0.0003258   3.322e-05  XOR2_X1
Execution_unit_ThirdMultiplier_ff_mult_17_U138  0.0001957   9.666e-05   0.0003255   3.314e-05  XOR2_X1
Execution_unit_ThirdMultiplier_ff_mult_17_U119  0.0001649   0.0001019   0.0003241   5.728e-05  OAI222_X1
Execution_unit_ThirdMultiplier_ff_mult_17_U158  0.0001957   9.526e-05   0.0003241   3.314e-05  XOR2_X1
Execution_unit_SecondMultiplier_fb_mult_17_U102  0.0001188   0.0001896   0.0003234   1.508e-05  INV_X1
Execution_unit_SecondMultiplier_fb_mult_17_U147  0.0001971   9.866e-05    0.000321   2.518e-05  XOR2_X1
Execution_unit_SecondMultiplier_fb_mult_17_U150  0.0001938   9.271e-05   0.0003197   3.314e-05  XOR2_X1
Execution_unit_SecondMultiplier_ff_mult_17_U118  0.0001902   9.278e-05   0.0003164    3.34e-05  AOI222_X1
Execution_unit_ThirdMultiplier_ff_mult_17_U135  0.0001421    0.000137   0.0003144   3.534e-05  OAI22_X1
Execution_unit_FirstMultiplier_fb_mult_17_U154   0.000148   0.0001409   0.0003143   2.541e-05  OAI22_X1
Execution_unit_ThirdMultiplier_ff_mult_17_U137  0.0001471   0.0001297    0.000311   3.422e-05  OAI22_X1
Execution_unit_FirstMultiplier_fb_mult_17_U111  9.105e-05   0.0002014   0.0003071   1.456e-05  INV_X1
Execution_unit_FirstMultiplier_fb_mult_17_U143  0.0001542   0.0001253   0.0003051   2.559e-05  OAI22_X1
Execution_unit_SecondMultiplier_fb_mult_17_U104  9.116e-05   0.0001968   0.0003013   1.333e-05  INV_X1
Execution_unit_SecondMultiplier_ff_mult_17_U146  0.0001225   0.0001354   0.0002976   3.977e-05  OAI22_X1
Execution_unit_SecondMultiplier_ff_mult_17_U135  0.0001305   0.0001289   0.0002969   3.747e-05  OAI22_X1
Execution_unit_FirstMultiplier_fb_mult_17_U162  0.0001035   0.0001453   0.0002963   4.752e-05  XOR2_X1
Execution_unit_SecondMultiplier_fb_mult_17_U140  0.0002113   5.908e-05   0.0002953     2.5e-05  XOR2_X1
Execution_unit_ThirdMultiplier_ff_mult_17_U159  6.697e-05   0.0002035   0.0002943   2.392e-05  NAND2_X1
Execution_unit_SecondMultiplier_ff_mult_17_U159  6.596e-05   0.0002028   0.0002927   2.392e-05  NAND2_X1
Execution_unit_ThirdMultiplier_ff_mult_17_U133  6.761e-05   0.0002073   0.0002919   1.701e-05  NAND2_X1
Execution_unit_SecondMultiplier_fb_mult_17_U162  0.0001001   0.0001438   0.0002914   4.748e-05  XOR2_X1
Execution_unit_FirstMultiplier_fb_mult_17_U168  0.0001036   0.0001383   0.0002894   4.752e-05  XOR2_X1
Execution_unit_SecondMultiplier_ff_mult_17_U143  0.0001223   0.0001241   0.0002862   3.977e-05  OAI22_X1
Execution_unit_ThirdMultiplier_ff_mult_17_U145  0.0001224   0.0001199   0.0002821    3.98e-05  OAI22_X1
Execution_unit_ThirdMultiplier_ff_mult_17_U139  0.0001063   0.0001379   0.0002817   3.753e-05  OAI22_X1
Execution_unit_SecondMultiplier_fb_mult_17_U153  0.0001961   5.799e-05   0.0002793   2.518e-05  XOR2_X1
Execution_unit_SecondMultiplier_ff_mult_17_U136  0.0001958   4.874e-05   0.0002777   3.322e-05  XOR2_X1
Execution_unit_ThirdMultiplier_ff_mult_17_U106  4.603e-05   0.0002133   0.0002743   1.504e-05  INV_X1
FE_RC_43_0                      0.000122   0.0001319   0.0002733   1.938e-05  OAI21_X1
Execution_unit_ThirdMultiplier_ff_mult_17_U110  5.557e-05   0.0002034   0.0002726   1.357e-05  INV_X1
Execution_unit_FirstMultiplier_fb_mult_17_U145  0.0001342   0.0001096    0.000271   2.716e-05  OAI22_X1
Execution_unit_SecondMultiplier_ff_mult_17_U166  0.0001726   6.151e-05   0.0002705   3.643e-05  XOR2_X1
Execution_unit_ThirdMultiplier_ff_mult_17_U134  0.0001076   0.0001195   0.0002685   4.141e-05  XNOR2_X1
Execution_unit_ThirdMultiplier_ff_mult_17_U166  0.0001713   5.986e-05   0.0002675   3.631e-05  XOR2_X1
Execution_unit_SecondMultiplier_ff_mult_17_U134  0.0001126   0.0001131   0.0002672   4.146e-05  XNOR2_X1
FE_RC_44_0                     0.0001221   0.0001256   0.0002669   1.924e-05  OAI21_X1
Execution_unit_FirstMultiplier_fb_mult_17_U137  0.0001497   9.329e-05   0.0002664   2.346e-05  OAI22_X1
Execution_unit_SecondMultiplier_ff_mult_17_U131  0.0001126   0.0001123   0.0002664   4.146e-05  XNOR2_X1
Execution_unit_SecondMultiplier_ff_mult_17_U106  4.554e-05   0.0002053   0.0002659   1.504e-05  INV_X1
Execution_unit_SecondMultiplier_ff_mult_17_U151  0.0001054   0.0001331   0.0002642   2.569e-05  NAND2_X1
Execution_unit_ThirdMultiplier_ff_mult_17_U151   0.000106   0.0001319   0.0002625   2.452e-05  NAND2_X1
Execution_unit_ThirdMultiplier_ff_mult_17_U131  0.0001077   0.0001117   0.0002609   4.141e-05  XNOR2_X1
Execution_unit_ThirdMultiplier_ff_mult_17_U129  0.0001077    0.000111   0.0002602   4.141e-05  XNOR2_X1
Execution_unit_FirstMultiplier_fb_mult_17_U125  0.0001229   0.0001076   0.0002551   2.457e-05  OAI22_X1
Execution_unit_SecondMultiplier_ff_mult_17_U102  4.492e-05   0.0001935   0.0002537    1.52e-05  INV_X1
FE_RC_41_0                     0.0001192   0.0001109   0.0002524   2.226e-05  OAI21_X1
Execution_unit_ThirdMultiplier_ff_mult_17_U102  4.695e-05   0.0001896   0.0002517    1.52e-05  INV_X1
Execution_unit_FirstMultiplier_fb_mult_17_U126  0.0001179   0.0001045   0.0002451   2.271e-05  OAI22_X1
Execution_unit_SecondMultiplier_ff_mult_17_U107  8.697e-05   0.0001404   0.0002449   1.755e-05  INV_X1
Execution_unit_SecondMultiplier_fb_mult_17_U126  0.0001087   0.0001033   0.0002407   2.872e-05  OAI22_X1
FE_RC_65_0                     0.0001048   0.0001149   0.0002401   2.049e-05  OAI21_X1
Execution_unit_FirstMultiplier_fb_mult_17_U138  7.687e-05   0.0001145   0.0002391   4.777e-05  XOR2_X1
Execution_unit_SecondMultiplier_ff_mult_17_U154  9.098e-05   0.0001079   0.0002388   3.993e-05  OAI22_X1
Execution_unit_SecondMultiplier_fb_mult_17_U152  6.312e-05    0.000132   0.0002373   4.218e-05  AOI22_X1
Execution_unit_FirstMultiplier_fb_mult_17_U142  8.758e-05   0.0001313   0.0002371   1.828e-05  NOR2_X1
FE_RC_68_0                     0.0001305   7.305e-05   0.0002366   3.307e-05  AOI21_X1
FE_RC_42_0                     0.0001278   7.435e-05   0.0002353   3.317e-05  AOI21_X1
Execution_unit_FirstMultiplier_fb_mult_17_U155  7.828e-05    0.000109   0.0002345   4.718e-05  XOR2_X1
Execution_unit_ThirdMultiplier_ff_mult_17_U104  6.135e-05   0.0001586   0.0002339   1.396e-05  INV_X1
Execution_unit_SecondMultiplier_fb_mult_17_U156  7.403e-05    0.000112   0.0002338   4.782e-05  XOR2_X1
Execution_unit_ThirdMultiplier_ff_mult_17_U109  6.387e-05   0.0001546   0.0002338   1.536e-05  INV_X1
FE_RC_36_0                     8.335e-05    0.000126   0.0002302   2.092e-05  NOR2_X1
FE_RC_5_0                      6.416e-05   0.0001516   0.0002301    1.44e-05  INV_X1
Execution_unit_FirstMultiplier_fb_mult_17_U147  8.197e-05      0.0001   0.0002286   4.664e-05  XOR2_X1
Execution_unit_SecondMultiplier_ff_mult_17_U104  6.225e-05   0.0001518   0.0002281     1.4e-05  INV_X1
Execution_unit_SecondMultiplier_fb_mult_17_U127  7.678e-05   0.0001132   0.0002278   3.787e-05  XNOR2_X1
Execution_unit_SecondMultiplier_ff_mult_17_U138  9.303e-05   9.719e-05   0.0002254   3.514e-05  XOR2_X1
Execution_unit_ThirdMultiplier_ff_mult_17_U143  9.088e-05     9.4e-05   0.0002248    3.99e-05  OAI22_X1
Execution_unit_SecondMultiplier_ff_mult_17_U105  6.287e-05   0.0001437   0.0002223   1.576e-05  INV_X1
Execution_unit_SecondMultiplier_fb_mult_17_U101  6.377e-05   0.0001441   0.0002223    1.44e-05  INV_X1
Execution_unit_SecondMultiplier_ff_mult_17_U153  8.548e-05   9.652e-05   0.0002221   4.009e-05  XOR2_X1
Execution_unit_SW_1_U14        0.0001132   7.204e-05   0.0002205   3.525e-05  AOI22_X1
Execution_unit_ThirdMultiplier_ff_mult_17_U105  6.652e-05   0.0001378   0.0002201   1.576e-05  INV_X1
Execution_unit_ThirdMultiplier_ff_mult_17_U154  8.463e-05   9.499e-05   0.0002196   4.002e-05  OAI22_X1
FE_RC_77_0                     5.701e-05    0.000141   0.0002175   1.949e-05  NOR2_X1
Execution_unit_FirstMultiplier_fb_mult_17_U150  0.0001141   6.666e-05   0.0002171   3.631e-05  XOR2_X1
Execution_unit_SecondMultiplier_ff_mult_17_U145  8.454e-05   8.729e-05    0.000212   4.014e-05  OAI22_X1
Execution_unit_ThirdMultiplier_ff_mult_17_U120  8.999e-05   9.703e-05   0.0002106   2.355e-05  AOI21_X1
Execution_unit_SecondMultiplier_fb_mult_17_U110  5.781e-05   0.0001384   0.0002101   1.396e-05  INV_X1
Execution_unit_SecondMultiplier_fb_mult_17_U125  0.0001205   6.087e-05   0.0002077   2.632e-05  OAI22_X1
Execution_unit_SecondMultiplier_ff_mult_17_U160  0.0001253   4.256e-05   0.0002032   3.532e-05  XOR2_X1
Execution_unit_FirstMultiplier_ff_mult_17_U123  0.0001912           0   0.0002017   1.042e-05  NAND2_X1
Execution_unit_ThirdMultiplier_ff_mult_17_U160  0.0001245   4.131e-05    0.000201   3.521e-05  XOR2_X1
Execution_unit_SecondMultiplier_ff_mult_17_U110  6.373e-05   0.0001232   0.0002005   1.361e-05  INV_X1
Execution_unit_SecondMultiplier_ff_mult_17_U163  6.569e-05   0.0001064   0.0001961     2.4e-05  AOI22_X1
Execution_unit_ThirdMultiplier_ff_mult_17_U163  6.572e-05   0.0001059   0.0001955   2.387e-05  AOI22_X1
Execution_unit_SW_1_U10        9.567e-05   5.915e-05   0.0001889   3.411e-05  AOI22_X1
FE_RC_66_0                     5.878e-05   0.0001104   0.0001886   1.944e-05  NOR2_X1
FE_RC_78_0                     5.872e-05    0.000109   0.0001872   1.945e-05  NOR2_X1
Execution_unit_FirstMultiplier_fb_mult_17_U136  8.166e-05    5.73e-05   0.0001864    4.74e-05  XOR2_X1
FE_RC_59_0                     6.076e-05   0.0001107    0.000185   1.357e-05  INV_X1
Execution_unit_SecondMultiplier_fb_mult_17_U144  8.077e-05   5.599e-05   0.0001842    4.74e-05  XOR2_X1
Execution_unit_SecondMultiplier_ff_mult_17_U142  5.604e-05   0.0001078   0.0001829   1.912e-05  NOR2_X1
Execution_unit_FirstMultiplier_fb_mult_17_U151  7.059e-05   9.223e-05   0.0001807   1.784e-05  NAND2_X1
Execution_unit_ThirdMultiplier_ff_mult_17_U136  9.304e-05   4.971e-05   0.0001778   3.501e-05  XOR2_X1
FE_RC_40_0                     5.751e-05   9.929e-05   0.0001763   1.951e-05  NOR2_X1
Execution_unit_SW_1_U12        8.477e-05   5.698e-05   0.0001762   3.441e-05  AOI22_X1
Execution_unit_SW_1_U8         8.283e-05   5.806e-05    0.000176   3.507e-05  AOI22_X1
Execution_unit_SecondMultiplier_ff_mult_17_U123  6.253e-05    9.72e-05   0.0001758   1.602e-05  NAND2_X1
Execution_unit_SecondMultiplier_fb_mult_17_U151  6.928e-05   8.875e-05   0.0001756   1.758e-05  NAND2_X1
Execution_unit_ThirdMultiplier_ff_mult_17_U146   6.37e-05   7.095e-05   0.0001743   3.968e-05  OAI22_X1
Execution_unit_SW_1_U6         8.898e-05   5.112e-05   0.0001732   3.314e-05  AOI22_X1
Execution_unit_SecondMultiplier_ff_mult_17_U124  0.0001457           0   0.0001695   2.382e-05  NAND3_X1
Execution_unit_SecondMultiplier_ff_mult_17_U108  4.675e-05   0.0001048   0.0001687   1.711e-05  INV_X1
Execution_unit_ThirdMultiplier_ff_mult_17_U108  4.692e-05   0.0001034   0.0001674   1.711e-05  INV_X1
FE_RC_33_0                     4.383e-05   0.0001014   0.0001603   1.508e-05  INV_X1
FE_RC_64_0                     4.455e-05   9.865e-05   0.0001583   1.512e-05  INV_X1
Execution_unit_ThirdMultiplier_ff_mult_17_U118  8.825e-05   4.033e-05   0.0001574   2.879e-05  AOI222_X1
Execution_unit_SecondMultiplier_ff_mult_17_U120  6.213e-05   7.219e-05   0.0001573   2.302e-05  AOI21_X1
Execution_unit_ThirdMultiplier_ff_mult_17_U148  6.027e-05   5.898e-05   0.0001536   3.431e-05  OAI21_X1
Execution_unit_SecondMultiplier_fb_mult_17_U105  6.476e-05   7.367e-05   0.0001528    1.44e-05  INV_X1
Execution_unit_FirstMultiplier_fb_mult_17_U99  6.542e-05   7.189e-05   0.0001516   1.425e-05  INV_X1
FE_RC_76_0                     5.994e-05   5.731e-05   0.0001367   1.944e-05  NOR2_X1
Execution_unit_FirstMultiplier_fb_mult_17_U123  7.804e-05   3.698e-05   0.0001365   2.147e-05  NAND2_X1
Execution_unit_SW_1_U13        6.526e-05   5.137e-05   0.0001309   1.431e-05  INV_X1
FE_RC_67_0                     5.442e-05   5.982e-05   0.0001286   1.433e-05  INV_X1
FE_RC_73_0                     9.555e-06   0.0001039   0.0001279    1.44e-05  INV_X1
Execution_unit_FirstMultiplier_fb_mult_17_U101  5.329e-05   5.436e-05   0.0001218   1.412e-05  INV_X1
Execution_unit_FirstMultiplier_fb_mult_17_U124  6.167e-05   2.452e-05   0.0001206   3.443e-05  NAND3_X1
FE_RC_31_0                      4.86e-05   5.679e-05   0.0001201   1.472e-05  INV_X1
FE_RC_47_0                      5.08e-05   4.627e-05   0.0001186   2.157e-05  OAI21_X1
Execution_unit_SecondMultiplier_ff_mult_17_U148    3.7e-05     4.1e-05   0.0001185   4.046e-05  OAI21_X1
FE_RC_46_0                     5.103e-05   4.435e-05   0.0001171   2.171e-05  OAI21_X1
Execution_unit_ThirdMultiplier_ff_mult_17_U107  3.737e-05   6.117e-05   0.0001167   1.815e-05  INV_X1
Execution_unit_ThirdMultiplier_ff_mult_17_U100  4.527e-05   4.982e-05   0.0001102   1.512e-05  INV_X1
Execution_unit_FirstMultiplier_fb_mult_17_U100  4.447e-05   5.008e-05   0.0001082   1.361e-05  INV_X1
Execution_unit_SW_1_U9         5.237e-05   4.076e-05   0.0001079   1.474e-05  INV_X1
Execution_unit_SecondMultiplier_ff_mult_17_U100  4.397e-05   5.002e-05   0.0001076   1.361e-05  INV_X1
Execution_unit_SecondMultiplier_fb_mult_17_U99   4.31e-05   5.044e-05   0.0001071   1.357e-05  INV_X1
Execution_unit_SW_1_U7         5.135e-05   4.075e-05   0.0001064   1.435e-05  INV_X1
Execution_unit_SW_1_U11         4.95e-05   3.928e-05   0.0001034   1.462e-05  INV_X1
Execution_unit_ThirdMultiplier_ff_mult_17_U156   4.14e-05   2.209e-05   9.826e-05   3.477e-05  XOR2_X1
Execution_unit_ThirdMultiplier_ff_mult_17_U149   4.45e-05   2.826e-05    9.71e-05   2.434e-05  NAND3_X1
Execution_unit_SW_1_U5         4.657e-05   3.444e-05   9.615e-05   1.514e-05  INV_X1
Execution_unit_SecondMultiplier_ff_mult_17_U103  4.319e-05   4.007e-05   9.507e-05   1.181e-05  INV_X1
Execution_unit_ThirdMultiplier_ff_mult_17_U103  3.952e-05   4.115e-05   9.236e-05   1.169e-05  INV_X1
Execution_unit_FirstMultiplier_fb_mult_17_U163  3.017e-05    3.57e-05   9.018e-05   2.432e-05  AOI22_X1
Execution_unit_FirstMultiplier_fb_mult_17_U157  2.969e-05   3.613e-05   8.923e-05   2.341e-05  AOI22_X1
Execution_unit_SecondMultiplier_ff_mult_17_U111  1.094e-05    6.31e-05   8.848e-05   1.444e-05  INV_X1
Execution_unit_SecondMultiplier_ff_mult_17_U144  4.135e-05    1.03e-05    8.65e-05   3.485e-05  XOR2_X1
Execution_unit_FirstMultiplier_fb_mult_17_U158  1.677e-05   2.122e-05   8.551e-05   4.752e-05  XOR2_X1
Execution_unit_SecondMultiplier_fb_mult_17_U158  1.574e-05   2.141e-05   8.463e-05   4.748e-05  XOR2_X1
Execution_unit_SecondMultiplier_fb_mult_17_U164  1.576e-05   2.082e-05   8.405e-05   4.748e-05  XOR2_X1
Execution_unit_SecondMultiplier_ff_mult_17_U156  1.935e-05   2.115e-05   7.844e-05   3.794e-05  XOR2_X1
Execution_unit_ThirdMultiplier_ff_mult_17_U155  1.843e-05   2.118e-05   7.703e-05   3.742e-05  XOR2_X1
Execution_unit_SecondMultiplier_ff_mult_17_U155  1.838e-05   2.092e-05   7.659e-05   3.729e-05  XOR2_X1
FE_RC_79_0                     3.131e-05   2.259e-05   7.614e-05   2.224e-05  NOR2_X1
Execution_unit_SecondMultiplier_ff_mult_17_U147  1.838e-05   2.047e-05   7.614e-05   3.729e-05  XOR2_X1
Execution_unit_SecondMultiplier_fb_mult_17_U132  1.916e-05   1.196e-05   7.241e-05   4.129e-05  OAI22_X1
Execution_unit_FirstMultiplier_fb_mult_17_U130  2.452e-05   2.141e-05   7.194e-05   2.602e-05  OAI22_X1
Execution_unit_SecondMultiplier_fb_mult_17_U130  2.355e-05    2.12e-05   7.009e-05   2.534e-05  OAI22_X1
FE_RC_38_0                     2.385e-05   1.174e-05   6.854e-05   3.295e-05  AOI21_X1
Execution_unit_ThirdMultiplier_ff_mult_17_U144  1.886e-05    1.09e-05   6.757e-05   3.781e-05  XOR2_X1
FE_RC_39_0                     2.423e-05   2.004e-05   6.525e-05   2.098e-05  OAI21_X1
Execution_unit_SW_1_U16        1.815e-05   1.066e-05   6.406e-05   3.525e-05  AOI22_X1
Execution_unit_ThirdMultiplier_ff_mult_17_U123  4.812e-05           0   5.854e-05   1.042e-05  NAND2_X1
FE_RC_37_0                     1.879e-05   1.702e-05   5.781e-05     2.2e-05  OAI21_X1
Execution_unit_FirstMultiplier_fb_mult_17_U148          0           0   4.818e-05   4.818e-05  OAI21_X1
Execution_unit_LoadedOutput_U16  4.378e-07    2.32e-07   4.805e-05   4.738e-05  OAI21_X1
Execution_unit_LoadedOutput_U18  4.384e-07   2.043e-07   4.803e-05   4.738e-05  OAI21_X1
Execution_unit_LoadedOutput_U24  4.388e-07   1.928e-07   4.802e-05   4.738e-05  OAI21_X1
Execution_unit_LoadedOutput_U22  4.389e-07   1.898e-07   4.801e-05   4.738e-05  OAI21_X1
Execution_unit_LoadedOutput_U20   4.39e-07   1.822e-07     4.8e-05   4.738e-05  OAI21_X1
Execution_unit_SecondMultiplier_fb_mult_17_U20          0           0   4.672e-05   4.672e-05  HA_X1
Execution_unit_SecondMultiplier_fb_mult_17_U143          0           0    4.66e-05    4.66e-05  OAI22_X1
Execution_unit_SecondMultiplier_fb_mult_17_U154          0           0   4.613e-05   4.613e-05  OAI22_X1
Execution_unit_SecondMultiplier_fb_mult_17_U146          0           0   4.592e-05   4.592e-05  OAI22_X1
Execution_unit_FirstMultiplier_fb_mult_17_U104  9.879e-06   2.135e-05   4.566e-05   1.444e-05  INV_X1
Execution_unit_SecondMultiplier_fb_mult_17_U145          0           0   4.566e-05   4.566e-05  OAI22_X1
Execution_unit_SecondMultiplier_fb_mult_17_U100  9.095e-06   2.145e-05   4.495e-05    1.44e-05  INV_X1
Execution_unit_FirstMultiplier_fb_mult_17_U102  9.187e-06   2.121e-05   4.464e-05   1.425e-05  INV_X1
FE_RC_30_0                     1.321e-05   1.499e-05   4.264e-05   1.444e-05  INV_X1
CU_U4                          2.456e-06   2.027e-05   4.263e-05   1.991e-05  OR2_X1
Execution_unit_SecondMultiplier_fb_mult_17_U122          0   5.298e-07   4.039e-05   3.987e-05  MUX2_X1
Execution_unit_SecondMultiplier_fb_mult_17_U159          0           0   3.721e-05   3.721e-05  NAND2_X1
CU_U6                          8.412e-06   2.124e-06   3.554e-05     2.5e-05  XNOR2_X1
Execution_unit_SecondMultiplier_ff_mult_17_U99  1.001e-05   1.099e-05   3.525e-05   1.425e-05  INV_X1
Execution_unit_ThirdMultiplier_ff_mult_17_U99  1.049e-05   1.037e-05   3.514e-05   1.429e-05  INV_X1
Execution_unit_SecondMultiplier_fb_mult_17_U148          0           0   3.493e-05   3.493e-05  OAI21_X1
Execution_unit_SW_1_U15        9.588e-06   7.361e-06   3.125e-05   1.431e-05  INV_X1
CU_U7                          2.591e-06   2.453e-06   2.889e-05   2.384e-05  XOR2_X1
Execution_unit_SW_1_U4         1.562e-06   6.495e-06   2.805e-05   1.999e-05  NOR2_X1
Execution_unit_SW_0_U4         1.562e-06   6.492e-06   2.804e-05   1.999e-05  NOR2_X1
CU_U5                          6.282e-06   3.631e-06   2.644e-05   1.652e-05  NOR2_X1
Execution_unit_FirstMultiplier_ff_mult_17_U142          0           0   2.577e-05   2.577e-05  NOR2_X1
Execution_unit_ThirdMultiplier_ff_mult_17_U142          0           0   2.577e-05   2.577e-05  NOR2_X1
Execution_unit_FirstMultiplier_fb_mult_17_U159          0           0    2.48e-05    2.48e-05  NAND2_X1
Execution_unit_SecondMultiplier_fb_mult_17_U121          0           0   2.422e-05   2.422e-05  NOR3_X1
Execution_unit_SecondMultiplier_fb_mult_17_U142          0           0    2.41e-05    2.41e-05  NOR2_X1
CU_U3                          1.118e-06   4.094e-06   2.408e-05   1.887e-05  NOR2_X1
Execution_unit_SW_1_U3                 0           0   1.931e-05   1.931e-05  NOR2_X1
Execution_unit_SW_0_U3                 0           0   1.931e-05   1.931e-05  NOR2_X1
Execution_unit_FirstMultiplier_fb_mult_17_U108          0           0    1.86e-05    1.86e-05  INV_X1
Execution_unit_ThirdMultiplier_ff_mult_17_U114          0           0    1.86e-05    1.86e-05  INV_X1
Execution_unit_FirstMultiplier_ff_mult_17_U114          0           0    1.86e-05    1.86e-05  INV_X1
Execution_unit_FirstMultiplier_fb_mult_17_U114          0           0    1.86e-05    1.86e-05  INV_X1
Execution_unit_FirstMultiplier_fb_mult_17_U112          0           0    1.86e-05    1.86e-05  INV_X1
Execution_unit_SecondMultiplier_ff_mult_17_U113          0           0    1.86e-05    1.86e-05  INV_X1
Execution_unit_SecondMultiplier_fb_mult_17_U114          0           0    1.86e-05    1.86e-05  INV_X1
Execution_unit_FirstMultiplier_fb_mult_17_U106          0           0    1.86e-05    1.86e-05  INV_X1
Execution_unit_FirstMultiplier_fb_mult_17_U105          0           0    1.86e-05    1.86e-05  INV_X1
Execution_unit_SecondMultiplier_fb_mult_17_U113          0           0    1.86e-05    1.86e-05  INV_X1
Execution_unit_SecondMultiplier_fb_mult_17_U112          0           0    1.86e-05    1.86e-05  INV_X1
Execution_unit_SecondMultiplier_fb_mult_17_U109          0           0    1.86e-05    1.86e-05  INV_X1
Execution_unit_SecondMultiplier_fb_mult_17_U108          0           0    1.86e-05    1.86e-05  INV_X1
Execution_unit_SecondMultiplier_fb_mult_17_U163          0           0   1.775e-05   1.775e-05  AOI22_X1
FE_RC_56_0                             0           0   1.633e-05   1.633e-05  NOR2_X1
Execution_unit_SecondMultiplier_fb_mult_17_U123          0           0   1.346e-05   1.346e-05  NAND2_X1
Execution_unit_SecondMultiplier_ff_mult_17_U149          0           0   1.071e-05   1.071e-05  NAND3_X1
Execution_unit_FirstMultiplier_ff_mult_17_U124          0           0   1.059e-05   1.059e-05  NAND3_X1
Execution_unit_SecondMultiplier_fb_mult_17_U107          0           0    1.01e-05    1.01e-05  INV_X1
Execution_unit_ThirdMultiplier_ff_mult_17_U113          0           0    1.01e-05    1.01e-05  INV_X1
FE_RC_2_0                              0           0    1.01e-05    1.01e-05  INV_X1
Execution_unit_FirstMultiplier_fb_mult_17_U113          0           0    1.01e-05    1.01e-05  INV_X1
Execution_unit_SecondMultiplier_fb_mult_17_U106          0           0    1.01e-05    1.01e-05  INV_X1
Execution_unit_FirstMultiplier_ff_mult_17_U113          0           0    1.01e-05    1.01e-05  INV_X1
Execution_unit_SecondMultiplier_fb_mult_17_U103          0           0    1.01e-05    1.01e-05  INV_X1
Execution_unit_FirstMultiplier_fb_mult_17_U107          0           0    1.01e-05    1.01e-05  INV_X1
Execution_unit_SecondMultiplier_ff_mult_17_U114          0           0    1.01e-05    1.01e-05  INV_X1
Execution_unit_ThirdMultiplier_ff_mult_17_U124          0           0   9.853e-06   9.853e-06  NAND3_X1
Execution_unit_SecondMultiplier_fb_mult_17_U165          0           0   4.085e-06   4.085e-06  NAND2_X1
FE_RC_55_0                             0           0   3.779e-06   3.779e-06  NAND2_X1
Execution_unit_FirstMultiplier_fb_mult_17_U165          0           0   3.483e-06   3.483e-06  NAND2_X1

---------------------------------------------------------------------------------------

Total (    482 of    482  )       0.2517      0.1872     0.4571      0.0183
Total Capacitance                2.545e-12 F
Power Density                   *** No Die Area ***
